<?xml version="1.0" encoding="UTF-8"?>
<testsuite xmlns:xsi="http://www.w3.org/2001/XMLSchema-instance" xsi:noNamespaceSchemaLocation="https://maven.apache.org/surefire/maven-surefire-plugin/xsd/surefire-test-report-3.0.xsd" version="3.0" name="com.microproductos.maestro.MaestroApplicationTests" time="4.667" tests="2" errors="0" skipped="0" failures="0">
  <properties>
[...]
</properties>
  <testcase name="applicationStarts" classname="com.microproductos.maestro.MaestroApplicationTests" time="2.265">
    <system-out><![CDATA[2024-12-13T17:16:17.697-03:00 DEBUG 23116 --- [maestro] [           main] .b.t.c.SpringBootTestContextBootstrapper : Neither @ContextConfiguration nor @ContextHierarchy found for test class [MaestroApplicationTests]: using SpringBootContextLoader
2024-12-13T17:16:17.697-03:00 DEBUG 23116 --- [maestro] [           main] o.s.t.c.support.AbstractContextLoader    : Could not detect default resource locations for test class [com.microproductos.maestro.MaestroApplicationTests]: no resource found for suffixes {-context.xml, Context.groovy}.
2024-12-13T17:16:17.698-03:00  INFO 23116 --- [maestro] [           main] t.c.s.AnnotationConfigContextLoaderUtils : Could not detect default configuration classes for test class [com.microproductos.maestro.MaestroApplicationTests]: MaestroApplicationTests does not declare any static, non-private, non-final, nested classes annotated with @Configuration.
2024-12-13T17:16:17.698-03:00 DEBUG 23116 --- [maestro] [           main] .b.t.c.SpringBootTestContextBootstrapper : Using ContextCustomizerFactory implementations for test class [MaestroApplicationTests]: [ImportsContextCustomizerFactory, ExcludeFilterContextCustomizerFactory, HttpGraphQlTesterContextCustomizerFactory, DuplicateJsonObjectContextCustomizerFactory, MockitoContextCustomizerFactory, TestRestTemplateContextCustomizerFactory, WebTestClientContextCustomizerFactory, DisableReactorResourceFactoryGlobalResourcesContextCustomizerFactory, OnFailureConditionReportContextCustomizerFactory, OverrideAutoConfigurationContextCustomizerFactory, ObservabilityContextCustomizerFactory, TypeExcludeFiltersContextCustomizerFactory, PropertyMappingContextCustomizerFactory, WebDriverContextCustomizerFactory, MockServerContainerContextCustomizerFactory, DynamicPropertiesContextCustomizerFactory]
2024-12-13T17:16:17.699-03:00 DEBUG 23116 --- [maestro] [           main] .b.t.c.SpringBootTestContextBootstrapper : Using ContextCustomizers for test class [MaestroApplicationTests]: [ExcludeFilterContextCustomizer, DuplicateJsonObjectContextCustomizer, MockitoContextCustomizer, TestRestTemplateContextCustomizer, DisableReactorResourceFactoryGlobalResourcesContextCustomizerCustomizer, OnFailureConditionReportContextCustomizer, DisableObservabilityContextCustomizer, PropertyMappingContextCustomizer, WebDriverContextCustomizer]
2024-12-13T17:16:17.707-03:00 DEBUG 23116 --- [maestro] [           main] ssPathScanningCandidateComponentProvider : Identified candidate component class: file [C:\sonar\maestro\target\classes\com\microproductos\maestro\MaestroApplication.class]
2024-12-13T17:16:17.707-03:00  INFO 23116 --- [maestro] [           main] .b.t.c.SpringBootTestContextBootstrapper : Found @SpringBootConfiguration com.microproductos.maestro.MaestroApplication for test class com.microproductos.maestro.MaestroApplicationTests
2024-12-13T17:16:17.709-03:00 DEBUG 23116 --- [maestro] [           main] .s.t.c.u.TestContextSpringFactoriesUtils : Skipping candidate TestExecutionListener [org.springframework.test.context.observation.MicrometerObservationRegistryTestExecutionListener] due to a missing dependency. Specify custom TestExecutionListener classes or make the default TestExecutionListener classes and their required dependencies available. Offending class: io.micrometer.context.ThreadLocalAccessor. MicrometerObservationRegistryTestExecutionListener requires io.micrometer:micrometer-observation:1.10.8 or higher and io.micrometer:context-propagation:1.0.3 or higher.
2024-12-13T17:16:17.709-03:00 DEBUG 23116 --- [maestro] [           main] .b.t.c.SpringBootTestContextBootstrapper : Using TestExecutionListeners for test class [MaestroApplicationTests]: [ServletTestExecutionListener, DirtiesContextBeforeModesTestExecutionListener, ApplicationEventsTestExecutionListener, MockitoTestExecutionListener, DependencyInjectionTestExecutionListener, DirtiesContextTestExecutionListener, TransactionalTestExecutionListener, SqlScriptsTestExecutionListener, EventPublishingTestExecutionListener, WithSecurityContextTestExecutionListener, ReactorContextTestExecutionListener, ResetMocksTestExecutionListener, RestDocsTestExecutionListener, MockRestServiceServerResetTestExecutionListener, MockMvcPrintOnlyOnFailureTestExecutionListener, WebDriverTestExecutionListener, MockWebServiceServerTestExecutionListener]
2024-12-13T17:16:17.709-03:00 DEBUG 23116 --- [maestro] [           main] sContextBeforeModesTestExecutionListener : Before test class: class [MaestroApplicationTests], class annotated with @DirtiesContext [false] with mode [null]
2024-12-13T17:16:17.713-03:00  INFO 23116 --- [maestro] [           main] o.s.b.d.r.RestartApplicationListener     : Restart disabled due to context in which it is running
2024-12-13T17:16:17.746-03:00 DEBUG 23116 --- [maestro] [           main] .s.b.w.s.c.ApplicationServletEnvironment : Activating profiles []
2024-12-13T17:16:17.749-03:00 DEBUG 23116 --- [maestro] [           main] o.s.c.e.PropertySourcesPropertyResolver  : Found key 'spring.application.name' in PropertySource 'configurationProperties' with value of type String

  .   ____          _            __ _ _
 /\\ / ___'_ __ _ _(_)_ __  __ _ \ \ \ \
( ( )\___ | '_ | '_| | '_ \/ _` | \ \ \ \
 \\/  ___)| |_)| | | | | || (_| |  ) ) ) )
  '  |____| .__|_| |_|_| |_\__, | / / / /
 =========|_|==============|___/=/_/_/_/

 :: Spring Boot ::                (v3.3.5)

2024-12-13T17:16:17.757-03:00  INFO 23116 --- [maestro] [           main] c.m.maestro.MaestroApplicationTests      : Starting MaestroApplicationTests using Java 17.0.13 with PID 23116 (started by Dario in C:\sonar\maestro)
2024-12-13T17:16:17.757-03:00  INFO 23116 --- [maestro] [           main] c.m.maestro.MaestroApplicationTests      : No active profile set, falling back to 1 default profile: "default"
2024-12-13T17:16:17.757-03:00 DEBUG 23116 --- [maestro] [           main] o.s.boot.SpringApplication               : Loading source class com.microproductos.maestro.MaestroApplication
2024-12-13T17:16:17.763-03:00 DEBUG 23116 --- [maestro] [           main] o.s.w.c.s.GenericWebApplicationContext   : Refreshing org.springframework.web.context.support.GenericWebApplicationContext@16e5b115
2024-12-13T17:16:17.765-03:00 DEBUG 23116 --- [maestro] [           main] o.s.b.f.s.DefaultListableBeanFactory     : Creating shared instance of singleton bean 'org.springframework.context.annotation.internalConfigurationAnnotationProcessor'
2024-12-13T17:16:17.765-03:00 DEBUG 23116 --- [maestro] [           main] o.s.b.f.s.DefaultListableBeanFactory     : Creating shared instance of singleton bean 'org.springframework.boot.autoconfigure.internalCachingMetadataReaderFactory'
2024-12-13T17:16:17.783-03:00 DEBUG 23116 --- [maestro] [           main] o.s.c.a.ClassPathBeanDefinitionScanner   : Identified candidate component class: file [C:\sonar\maestro\target\classes\com\microproductos\maestro\controller\ProductoController.class]
2024-12-13T17:16:17.785-03:00 DEBUG 23116 --- [maestro] [           main] o.s.c.a.ClassPathBeanDefinitionScanner   : Identified candidate component class: file [C:\sonar\maestro\target\classes\com\microproductos\maestro\exception\GlobalExceptionHandler.class]
2024-12-13T17:16:17.791-03:00 DEBUG 23116 --- [maestro] [           main] o.s.c.a.ClassPathBeanDefinitionScanner   : Identified candidate component class: file [C:\sonar\maestro\target\classes\com\microproductos\maestro\security\CustomAuthenticationEntryPoint.class]
2024-12-13T17:16:17.794-03:00 DEBUG 23116 --- [maestro] [           main] o.s.c.a.ClassPathBeanDefinitionScanner   : Identified candidate component class: file [C:\sonar\maestro\target\classes\com\microproductos\maestro\security\SecurityConfig.class]
2024-12-13T17:16:17.795-03:00 DEBUG 23116 --- [maestro] [           main] o.s.c.a.ClassPathBeanDefinitionScanner   : Identified candidate component class: file [C:\sonar\maestro\target\classes\com\microproductos\maestro\service\ProductoService.class]
2024-12-13T17:16:18.197-03:00  INFO 23116 --- [maestro] [           main] .s.d.r.c.RepositoryConfigurationDelegate : Bootstrapping Spring Data JPA repositories in DEFAULT mode.
2024-12-13T17:16:18.197-03:00 DEBUG 23116 --- [maestro] [           main] o.s.b.f.s.DefaultListableBeanFactory     : Creating shared instance of singleton bean 'org.springframework.boot.autoconfigure.AutoConfigurationPackages'
2024-12-13T17:16:18.198-03:00 DEBUG 23116 --- [maestro] [           main] o.s.b.a.AutoConfigurationPackages        : @EnableAutoConfiguration was declared on a class in the package 'com.microproductos.maestro'. Automatic @Repository and @Entity scanning is enabled.
2024-12-13T17:16:18.198-03:00 DEBUG 23116 --- [maestro] [           main] .s.d.r.c.RepositoryConfigurationDelegate : Scanning for JPA repositories in packages com.microproductos.maestro.
2024-12-13T17:16:18.203-03:00 DEBUG 23116 --- [maestro] [           main] o.s.d.r.c.RepositoryComponentProvider    : Identified candidate component class: file [C:\sonar\maestro\target\classes\com\microproductos\maestro\repository\ProductoRepository.class]
2024-12-13T17:16:18.209-03:00  INFO 23116 --- [maestro] [           main] .s.d.r.c.RepositoryConfigurationDelegate : Finished Spring Data repository scanning in 10 ms. Found 1 JPA repository interface.
2024-12-13T17:16:18.251-03:00 DEBUG 23116 --- [maestro] [           main] o.s.b.f.s.DefaultListableBeanFactory     : Creating shared instance of singleton bean 'springSecurityHandlerMappingIntrospectorBeanDefinitionRegistryPostProcessor'
2024-12-13T17:16:18.255-03:00 DEBUG 23116 --- [maestro] [           main] o.s.b.f.s.DefaultListableBeanFactory     : Creating shared instance of singleton bean 'propertySourcesPlaceholderConfigurer'
2024-12-13T17:16:18.257-03:00 DEBUG 23116 --- [maestro] [           main] o.s.b.f.s.DefaultListableBeanFactory     : Creating shared instance of singleton bean 'org.springframework.boot.test.mock.mockito.MockitoPostProcessor'
2024-12-13T17:16:18.257-03:00 DEBUG 23116 --- [maestro] [           main] o.s.b.f.s.DefaultListableBeanFactory     : Creating shared instance of singleton bean 'emBeanDefinitionRegistrarPostProcessor'
2024-12-13T17:16:18.257-03:00 DEBUG 23116 --- [maestro] [           main] o.s.b.f.s.DefaultListableBeanFactory     : Creating shared instance of singleton bean 'org.springframework.boot.sql.init.dependency.DatabaseInitializationDependencyConfigurer$DependsOnDatabaseInitializationPostProcessor'
2024-12-13T17:16:18.268-03:00 DEBUG 23116 --- [maestro] [           main] o.s.b.f.s.DefaultListableBeanFactory     : Creating shared instance of singleton bean 'org.springframework.context.event.internalEventListenerProcessor'
2024-12-13T17:16:18.268-03:00 DEBUG 23116 --- [maestro] [           main] o.s.b.f.s.DefaultListableBeanFactory     : Creating shared instance of singleton bean 'preserveErrorControllerTargetClassPostProcessor'
2024-12-13T17:16:18.268-03:00 DEBUG 23116 --- [maestro] [           main] o.s.b.f.s.DefaultListableBeanFactory     : Creating shared instance of singleton bean 'conversionServicePostProcessor'
2024-12-13T17:16:18.269-03:00 DEBUG 23116 --- [maestro] [           main] o.s.b.f.s.DefaultListableBeanFactory     : Creating shared instance of singleton bean 'org.springframework.context.event.internalEventListenerFactory'
2024-12-13T17:16:18.269-03:00 DEBUG 23116 --- [maestro] [           main] o.s.b.f.s.DefaultListableBeanFactory     : Creating shared instance of singleton bean 'org.springframework.transaction.config.internalTransactionalEventListenerFactory'
2024-12-13T17:16:18.271-03:00 DEBUG 23116 --- [maestro] [           main] o.s.b.f.s.DefaultListableBeanFactory     : Creating shared instance of singleton bean 'org.springframework.boot.test.mock.mockito.MockitoPostProcessor$SpyPostProcessor'
2024-12-13T17:16:18.272-03:00 DEBUG 23116 --- [maestro] [           main] o.s.b.f.s.DefaultListableBeanFactory     : Creating shared instance of singleton bean 'org.springframework.context.annotation.internalAutowiredAnnotationProcessor'
2024-12-13T17:16:18.272-03:00 DEBUG 23116 --- [maestro] [           main] o.s.b.f.s.DefaultListableBeanFactory     : Creating shared instance of singleton bean 'org.springframework.context.annotation.internalCommonAnnotationProcessor'
2024-12-13T17:16:18.273-03:00 DEBUG 23116 --- [maestro] [           main] o.s.b.f.s.DefaultListableBeanFactory     : Creating shared instance of singleton bean 'org.springframework.context.annotation.internalPersistenceAnnotationProcessor'
2024-12-13T17:16:18.273-03:00 DEBUG 23116 --- [maestro] [           main] o.s.b.f.s.DefaultListableBeanFactory     : Creating shared instance of singleton bean 'org.springframework.boot.context.properties.ConfigurationPropertiesBindingPostProcessor'
2024-12-13T17:16:18.273-03:00 DEBUG 23116 --- [maestro] [           main] o.s.b.f.s.DefaultListableBeanFactory     : Creating shared instance of singleton bean 'org.springframework.boot.context.internalConfigurationPropertiesBinder'
2024-12-13T17:16:18.274-03:00 DEBUG 23116 --- [maestro] [           main] o.s.b.f.s.DefaultListableBeanFactory     : Creating shared instance of singleton bean 'jdbcConnectionDetailsHikariBeanPostProcessor'
2024-12-13T17:16:18.274-03:00 DEBUG 23116 --- [maestro] [           main] o.s.b.f.s.DefaultListableBeanFactory     : Creating shared instance of singleton bean 'methodValidationPostProcessor'
2024-12-13T17:16:18.277-03:00 DEBUG 23116 --- [maestro] [           main] o.s.b.f.s.DefaultListableBeanFactory     : Autowiring by type from bean name 'methodValidationPostProcessor' via factory method to bean named 'environment'
2024-12-13T17:16:18.277-03:00 DEBUG 23116 --- [maestro] [           main] o.s.b.f.s.DefaultListableBeanFactory     : Creating shared instance of singleton bean 'org.springframework.boot.context.properties.EnableConfigurationPropertiesRegistrar.methodValidationExcludeFilter'
2024-12-13T17:16:18.278-03:00 DEBUG 23116 --- [maestro] [           main] o.s.b.f.s.DefaultListableBeanFactory     : Creating shared instance of singleton bean 'org.springframework.aop.config.internalAutoProxyCreator'
2024-12-13T17:16:18.280-03:00 DEBUG 23116 --- [maestro] [           main] o.s.b.f.s.DefaultListableBeanFactory     : Creating shared instance of singleton bean 'persistenceExceptionTranslationPostProcessor'
2024-12-13T17:16:18.280-03:00 DEBUG 23116 --- [maestro] [           main] o.s.b.f.s.DefaultListableBeanFactory     : Autowiring by type from bean name 'persistenceExceptionTranslationPostProcessor' via factory method to bean named 'environment'
2024-12-13T17:16:18.281-03:00 DEBUG 23116 --- [maestro] [           main] o.s.b.f.s.DefaultListableBeanFactory     : Creating shared instance of singleton bean 'webServerFactoryCustomizerBeanPostProcessor'
2024-12-13T17:16:18.281-03:00 DEBUG 23116 --- [maestro] [           main] o.s.b.f.s.DefaultListableBeanFactory     : Creating shared instance of singleton bean 'errorPageRegistrarBeanPostProcessor'
2024-12-13T17:16:18.281-03:00 DEBUG 23116 --- [maestro] [           main] o.s.b.f.s.DefaultListableBeanFactory     : Creating shared instance of singleton bean 'healthEndpointGroupsBeanPostProcessor'
2024-12-13T17:16:18.282-03:00 DEBUG 23116 --- [maestro] [           main] o.s.b.f.s.DefaultListableBeanFactory     : Creating shared instance of singleton bean 'org.springframework.transaction.config.internalTransactionAdvisor'
2024-12-13T17:16:18.282-03:00 DEBUG 23116 --- [maestro] [           main] o.s.b.f.s.DefaultListableBeanFactory     : Creating shared instance of singleton bean 'org.springframework.transaction.annotation.ProxyTransactionManagementConfiguration'
2024-12-13T17:16:18.284-03:00 DEBUG 23116 --- [maestro] [           main] .s.a.a.a.ReflectiveAspectJAdvisorFactory : Found AspectJ method: public java.lang.Object io.micrometer.observation.aop.ObservedAspect.observeClass(org.aspectj.lang.ProceedingJoinPoint) throws java.lang.Throwable
2024-12-13T17:16:18.284-03:00 DEBUG 23116 --- [maestro] [           main] .s.a.a.a.ReflectiveAspectJAdvisorFactory : Found AspectJ method: public java.lang.Object io.micrometer.observation.aop.ObservedAspect.observeMethod(org.aspectj.lang.ProceedingJoinPoint) throws java.lang.Throwable
2024-12-13T17:16:18.295-03:00 DEBUG 23116 --- [maestro] [           main] o.s.b.f.s.DefaultListableBeanFactory     : Creating shared instance of singleton bean 'transactionAttributeSource'
2024-12-13T17:16:18.297-03:00 DEBUG 23116 --- [maestro] [           main] o.s.b.f.s.DefaultListableBeanFactory     : Creating shared instance of singleton bean 'transactionInterceptor'
2024-12-13T17:16:18.298-03:00 DEBUG 23116 --- [maestro] [           main] o.s.b.f.s.DefaultListableBeanFactory     : Autowiring by type from bean name 'transactionInterceptor' via factory method to bean named 'transactionAttributeSource'
2024-12-13T17:16:18.299-03:00 DEBUG 23116 --- [maestro] [           main] o.s.b.f.s.DefaultListableBeanFactory     : Autowiring by type from bean name 'org.springframework.transaction.config.internalTransactionAdvisor' via factory method to bean named 'transactionAttributeSource'
2024-12-13T17:16:18.299-03:00 DEBUG 23116 --- [maestro] [           main] o.s.b.f.s.DefaultListableBeanFactory     : Autowiring by type from bean name 'org.springframework.transaction.config.internalTransactionAdvisor' via factory method to bean named 'transactionInterceptor'
2024-12-13T17:16:18.301-03:00 DEBUG 23116 --- [maestro] [           main] o.s.b.f.s.DefaultListableBeanFactory     : Creating shared instance of singleton bean 'meterRegistryPostProcessor'
2024-12-13T17:16:18.302-03:00 DEBUG 23116 --- [maestro] [           main] o.s.b.f.s.DefaultListableBeanFactory     : Autowiring by type from bean name 'meterRegistryPostProcessor' via factory method to bean named 'org.springframework.web.context.support.GenericWebApplicationContext@16e5b115'
2024-12-13T17:16:18.305-03:00 DEBUG 23116 --- [maestro] [           main] o.s.b.f.s.DefaultListableBeanFactory     : Creating shared instance of singleton bean 'metricsRepositoryMethodInvocationListenerBeanPostProcessor'
2024-12-13T17:16:18.306-03:00 DEBUG 23116 --- [maestro] [           main] o.s.b.f.s.DefaultListableBeanFactory     : Creating shared instance of singleton bean 'observationRegistryPostProcessor'
2024-12-13T17:16:18.307-03:00 DEBUG 23116 --- [maestro] [           main] o.s.b.f.s.DefaultListableBeanFactory     : Creating shared instance of singleton bean 'projectingArgumentResolverBeanPostProcessor'
2024-12-13T17:16:18.308-03:00 DEBUG 23116 --- [maestro] [           main] o.s.b.f.s.DefaultListableBeanFactory     : Creating shared instance of singleton bean 'hypermediaRepresentionModelProcessorConfigurator'
2024-12-13T17:16:18.309-03:00 DEBUG 23116 --- [maestro] [           main] o.s.b.f.s.DefaultListableBeanFactory     : Creating shared instance of singleton bean 'hypermediaRestTemplateBeanPostProcessor'
2024-12-13T17:16:18.309-03:00 DEBUG 23116 --- [maestro] [           main] o.s.u.c.s.UiApplicationContextUtils      : Unable to locate ThemeSource with name 'themeSource': using default [org.springframework.ui.context.support.ResourceBundleThemeSource@a9fed4b]
2024-12-13T17:16:18.311-03:00 DEBUG 23116 --- [maestro] [           main] o.s.b.f.s.DefaultListableBeanFactory     : Creating shared instance of singleton bean 'dataSourceScriptDatabaseInitializer'
2024-12-13T17:16:18.311-03:00 DEBUG 23116 --- [maestro] [           main] o.s.b.f.s.DefaultListableBeanFactory     : Creating shared instance of singleton bean 'org.springframework.boot.autoconfigure.sql.init.DataSourceInitializationConfiguration'
2024-12-13T17:16:18.312-03:00 DEBUG 23116 --- [maestro] [           main] o.s.b.f.s.DefaultListableBeanFactory     : Creating shared instance of singleton bean 'dataSource'
2024-12-13T17:16:18.313-03:00 DEBUG 23116 --- [maestro] [           main] o.s.b.f.s.DefaultListableBeanFactory     : Creating shared instance of singleton bean 'org.springframework.boot.autoconfigure.jdbc.DataSourceConfiguration$Hikari'
2024-12-13T17:16:18.314-03:00 DEBUG 23116 --- [maestro] [           main] o.s.b.f.s.DefaultListableBeanFactory     : Creating shared instance of singleton bean 'spring.datasource-org.springframework.boot.autoconfigure.jdbc.DataSourceProperties'
2024-12-13T17:16:18.315-03:00 DEBUG 23116 --- [maestro] [           main] o.s.b.f.s.DefaultListableBeanFactory     : Creating shared instance of singleton bean 'org.springframework.boot.context.properties.BoundConfigurationProperties'
2024-12-13T17:16:18.323-03:00 DEBUG 23116 --- [maestro] [           main] o.s.b.f.s.DefaultListableBeanFactory     : Creating shared instance of singleton bean 'jdbcConnectionDetails'
2024-12-13T17:16:18.323-03:00 DEBUG 23116 --- [maestro] [           main] o.s.b.f.s.DefaultListableBeanFactory     : Creating shared instance of singleton bean 'org.springframework.boot.autoconfigure.jdbc.DataSourceAutoConfiguration$PooledDataSourceConfiguration'
2024-12-13T17:16:18.324-03:00 DEBUG 23116 --- [maestro] [           main] o.s.b.f.s.DefaultListableBeanFactory     : Autowiring by type from bean name 'jdbcConnectionDetails' via factory method to bean named 'spring.datasource-org.springframework.boot.autoconfigure.jdbc.DataSourceProperties'
2024-12-13T17:16:18.325-03:00 DEBUG 23116 --- [maestro] [           main] o.s.b.f.s.DefaultListableBeanFactory     : Autowiring by type from bean name 'dataSource' via factory method to bean named 'spring.datasource-org.springframework.boot.autoconfigure.jdbc.DataSourceProperties'
2024-12-13T17:16:18.325-03:00 DEBUG 23116 --- [maestro] [           main] o.s.b.f.s.DefaultListableBeanFactory     : Autowiring by type from bean name 'dataSource' via factory method to bean named 'jdbcConnectionDetails'
2024-12-13T17:16:18.348-03:00 DEBUG 23116 --- [maestro] [           main] o.s.b.f.s.DefaultListableBeanFactory     : Creating shared instance of singleton bean 'spring.sql.init-org.springframework.boot.autoconfigure.sql.init.SqlInitializationProperties'
2024-12-13T17:16:18.352-03:00 DEBUG 23116 --- [maestro] [           main] o.s.b.f.s.DefaultListableBeanFactory     : Autowiring by type from bean name 'dataSourceScriptDatabaseInitializer' via factory method to bean named 'dataSource'
2024-12-13T17:16:18.352-03:00 DEBUG 23116 --- [maestro] [           main] o.s.b.f.s.DefaultListableBeanFactory     : Autowiring by type from bean name 'dataSourceScriptDatabaseInitializer' via factory method to bean named 'spring.sql.init-org.springframework.boot.autoconfigure.sql.init.SqlInitializationProperties'
2024-12-13T17:16:18.355-03:00 DEBUG 23116 --- [maestro] [           main] o.s.b.f.s.DefaultListableBeanFactory     : Creating shared instance of singleton bean 'entityManagerFactory'
2024-12-13T17:16:18.355-03:00 DEBUG 23116 --- [maestro] [           main] o.s.b.f.s.DefaultListableBeanFactory     : Creating shared instance of singleton bean 'org.springframework.boot.autoconfigure.orm.jpa.HibernateJpaConfiguration'
2024-12-13T17:16:18.357-03:00 DEBUG 23116 --- [maestro] [           main] o.s.b.f.s.DefaultListableBeanFactory     : Creating shared instance of singleton bean 'spring.jpa-org.springframework.boot.autoconfigure.orm.jpa.JpaProperties'
2024-12-13T17:16:18.361-03:00 DEBUG 23116 --- [maestro] [           main] o.s.b.f.s.DefaultListableBeanFactory     : Creating shared instance of singleton bean 'spring.jpa.hibernate-org.springframework.boot.autoconfigure.orm.jpa.HibernateProperties'
2024-12-13T17:16:18.364-03:00 DEBUG 23116 --- [maestro] [           main] o.s.b.f.s.DefaultListableBeanFactory     : Autowiring by type from bean name 'org.springframework.boot.autoconfigure.orm.jpa.HibernateJpaConfiguration' via constructor to bean named 'dataSource'
2024-12-13T17:16:18.364-03:00 DEBUG 23116 --- [maestro] [           main] o.s.b.f.s.DefaultListableBeanFactory     : Autowiring by type from bean name 'org.springframework.boot.autoconfigure.orm.jpa.HibernateJpaConfiguration' via constructor to bean named 'spring.jpa-org.springframework.boot.autoconfigure.orm.jpa.JpaProperties'
2024-12-13T17:16:18.364-03:00 DEBUG 23116 --- [maestro] [           main] o.s.b.f.s.DefaultListableBeanFactory     : Autowiring by type from bean name 'org.springframework.boot.autoconfigure.orm.jpa.HibernateJpaConfiguration' via constructor to bean named 'org.springframework.beans.factory.support.DefaultListableBeanFactory@7c11f1cd'
2024-12-13T17:16:18.364-03:00 DEBUG 23116 --- [maestro] [           main] o.s.b.f.s.DefaultListableBeanFactory     : Autowiring by type from bean name 'org.springframework.boot.autoconfigure.orm.jpa.HibernateJpaConfiguration' via constructor to bean named 'spring.jpa.hibernate-org.springframework.boot.autoconfigure.orm.jpa.HibernateProperties'
2024-12-13T17:16:18.365-03:00 DEBUG 23116 --- [maestro] [           main] o.s.b.f.s.DefaultListableBeanFactory     : Creating shared instance of singleton bean 'oracleUcpPoolDataSourceMetadataProvider'
2024-12-13T17:16:18.366-03:00 DEBUG 23116 --- [maestro] [           main] o.s.b.f.s.DefaultListableBeanFactory     : Creating shared instance of singleton bean 'org.springframework.boot.autoconfigure.jdbc.metadata.DataSourcePoolMetadataProvidersConfiguration$OracleUcpPoolDataSourceMetadataProviderConfiguration'
2024-12-13T17:16:18.369-03:00 DEBUG 23116 --- [maestro] [           main] o.s.b.f.s.DefaultListableBeanFactory     : Creating shared instance of singleton bean 'hikariPoolDataSourceMetadataProvider'
2024-12-13T17:16:18.369-03:00 DEBUG 23116 --- [maestro] [           main] o.s.b.f.s.DefaultListableBeanFactory     : Creating shared instance of singleton bean 'org.springframework.boot.autoconfigure.jdbc.metadata.DataSourcePoolMetadataProvidersConfiguration$HikariPoolDataSourceMetadataProviderConfiguration'
2024-12-13T17:16:18.376-03:00 DEBUG 23116 --- [maestro] [           main] o.s.b.f.s.DefaultListableBeanFactory     : Creating shared instance of singleton bean 'entityManagerFactoryBuilder'
2024-12-13T17:16:18.377-03:00 DEBUG 23116 --- [maestro] [           main] o.s.b.f.s.DefaultListableBeanFactory     : Creating shared instance of singleton bean 'jpaVendorAdapter'
2024-12-13T17:16:18.379-03:00 DEBUG 23116 --- [maestro] [           main] o.s.b.f.s.DefaultListableBeanFactory     : Autowiring by type from bean name 'entityManagerFactoryBuilder' via factory method to bean named 'jpaVendorAdapter'
2024-12-13T17:16:18.382-03:00 DEBUG 23116 --- [maestro] [           main] o.s.b.f.s.DefaultListableBeanFactory     : Creating shared instance of singleton bean 'persistenceManagedTypes'
2024-12-13T17:16:18.383-03:00 DEBUG 23116 --- [maestro] [           main] o.s.b.f.s.DefaultListableBeanFactory     : Autowiring by type from bean name 'persistenceManagedTypes' via factory method to bean named 'org.springframework.beans.factory.support.DefaultListableBeanFactory@7c11f1cd'
2024-12-13T17:16:18.383-03:00 DEBUG 23116 --- [maestro] [           main] o.s.b.f.s.DefaultListableBeanFactory     : Autowiring by type from bean name 'persistenceManagedTypes' via factory method to bean named 'org.springframework.web.context.support.GenericWebApplicationContext@16e5b115'
2024-12-13T17:16:18.389-03:00 DEBUG 23116 --- [maestro] [           main] o.s.b.f.s.DefaultListableBeanFactory     : Autowiring by type from bean name 'entityManagerFactory' via factory method to bean named 'entityManagerFactoryBuilder'
2024-12-13T17:16:18.389-03:00 DEBUG 23116 --- [maestro] [           main] o.s.b.f.s.DefaultListableBeanFactory     : Autowiring by type from bean name 'entityManagerFactory' via factory method to bean named 'persistenceManagedTypes'
2024-12-13T17:16:18.390-03:00 DEBUG 23116 --- [maestro] [           main] j.LocalContainerEntityManagerFactoryBean : Building JPA container EntityManagerFactory for persistence unit 'default'
2024-12-13T17:16:18.390-03:00 DEBUG 23116 --- [maestro] [           main] o.hibernate.jpa.internal.util.LogHelper  : PersistenceUnitInfo [
	name: default
	persistence provider classname: null
	classloader: jdk.internal.loader.ClassLoaders$AppClassLoader@5e2de80c
	excludeUnlistedClasses: true
	JTA datasource: null
	Non JTA datasource: HikariDataSource (null)
	Transaction type: RESOURCE_LOCAL
	PU root URL: file:/C:/sonar/maestro/target/test-classes/
	Shared Cache Mode: UNSPECIFIED
	Validation Mode: AUTO
	Jar files URLs []
	Managed classes names [
		com.microproductos.maestro.model.Producto]
	Mapping files names []
	Properties []
2024-12-13T17:16:18.390-03:00 DEBUG 23116 --- [maestro] [           main] o.h.i.internal.IntegratorServiceImpl     : Adding Integrator [org.hibernate.boot.beanvalidation.BeanValidationIntegrator].
2024-12-13T17:16:18.390-03:00 DEBUG 23116 --- [maestro] [           main] o.h.i.internal.IntegratorServiceImpl     : Adding Integrator [org.hibernate.cache.internal.CollectionCacheInvalidator].
2024-12-13T17:16:18.394-03:00 DEBUG 23116 --- [maestro] [           main] org.hibernate.orm.idgen.factory          : Registering IdentifierGenerator strategy [uuid2] -> [org.hibernate.id.UUIDGenerator]
2024-12-13T17:16:18.394-03:00 DEBUG 23116 --- [maestro] [           main] org.hibernate.orm.idgen.factory          : Registering IdentifierGenerator strategy [guid] -> [org.hibernate.id.GUIDGenerator]
2024-12-13T17:16:18.394-03:00 DEBUG 23116 --- [maestro] [           main] org.hibernate.orm.idgen.factory          : Registering IdentifierGenerator strategy [uuid] -> [org.hibernate.id.UUIDHexGenerator]
2024-12-13T17:16:18.394-03:00 DEBUG 23116 --- [maestro] [           main] org.hibernate.orm.idgen.factory          : Registering IdentifierGenerator strategy [uuid.hex] -> [org.hibernate.id.UUIDHexGenerator]
2024-12-13T17:16:18.394-03:00 DEBUG 23116 --- [maestro] [           main] org.hibernate.orm.idgen.factory          : Registering IdentifierGenerator strategy [assigned] -> [org.hibernate.id.Assigned]
2024-12-13T17:16:18.394-03:00 DEBUG 23116 --- [maestro] [           main] org.hibernate.orm.idgen.factory          : Registering IdentifierGenerator strategy [identity] -> [org.hibernate.id.IdentityGenerator]
2024-12-13T17:16:18.394-03:00 DEBUG 23116 --- [maestro] [           main] org.hibernate.orm.idgen.factory          : Registering IdentifierGenerator strategy [select] -> [org.hibernate.id.SelectGenerator]
2024-12-13T17:16:18.394-03:00 DEBUG 23116 --- [maestro] [           main] org.hibernate.orm.idgen.factory          : Registering IdentifierGenerator strategy [sequence] -> [org.hibernate.id.enhanced.SequenceStyleGenerator]
2024-12-13T17:16:18.394-03:00 DEBUG 23116 --- [maestro] [           main] org.hibernate.orm.idgen.factory          : Registering IdentifierGenerator strategy [increment] -> [org.hibernate.id.IncrementGenerator]
2024-12-13T17:16:18.394-03:00 DEBUG 23116 --- [maestro] [           main] org.hibernate.orm.idgen.factory          : Registering IdentifierGenerator strategy [foreign] -> [org.hibernate.id.ForeignGenerator]
2024-12-13T17:16:18.394-03:00 DEBUG 23116 --- [maestro] [           main] org.hibernate.orm.idgen.factory          : Registering IdentifierGenerator strategy [enhanced-sequence] -> [org.hibernate.id.enhanced.SequenceStyleGenerator]
2024-12-13T17:16:18.394-03:00 DEBUG 23116 --- [maestro] [           main] org.hibernate.orm.idgen.factory          : Registering IdentifierGenerator strategy [enhanced-table] -> [org.hibernate.id.enhanced.TableGenerator]
2024-12-13T17:16:18.394-03:00 DEBUG 23116 --- [maestro] [           main] o.h.c.internal.RegionFactoryInitiator    : Cannot default RegionFactory based on registered strategies as `[]` RegionFactory strategies were registered
2024-12-13T17:16:18.394-03:00  INFO 23116 --- [maestro] [           main] o.h.c.internal.RegionFactoryInitiator    : HHH000026: Second-level cache disabled
2024-12-13T17:16:18.394-03:00 DEBUG 23116 --- [maestro] [           main] org.hibernate.type.BasicTypeRegistry     : Adding type registration boolean -> org.hibernate.type.BasicTypeReference@68317dc0
2024-12-13T17:16:18.394-03:00 DEBUG 23116 --- [maestro] [           main] org.hibernate.type.BasicTypeRegistry     : Adding type registration boolean -> org.hibernate.type.BasicTypeReference@68317dc0
2024-12-13T17:16:18.395-03:00 DEBUG 23116 --- [maestro] [           main] org.hibernate.type.BasicTypeRegistry     : Adding type registration java.lang.Boolean -> org.hibernate.type.BasicTypeReference@68317dc0
2024-12-13T17:16:18.395-03:00 DEBUG 23116 --- [maestro] [           main] org.hibernate.type.BasicTypeRegistry     : Adding type registration numeric_boolean -> org.hibernate.type.BasicTypeReference@5ae93815
2024-12-13T17:16:18.395-03:00 DEBUG 23116 --- [maestro] [           main] org.hibernate.type.BasicTypeRegistry     : Adding type registration org.hibernate.type.NumericBooleanConverter -> org.hibernate.type.BasicTypeReference@5ae93815
2024-12-13T17:16:18.395-03:00 DEBUG 23116 --- [maestro] [           main] org.hibernate.type.BasicTypeRegistry     : Adding type registration true_false -> org.hibernate.type.BasicTypeReference@4a100df
2024-12-13T17:16:18.395-03:00 DEBUG 23116 --- [maestro] [           main] org.hibernate.type.BasicTypeRegistry     : Adding type registration org.hibernate.type.TrueFalseConverter -> org.hibernate.type.BasicTypeReference@4a100df
2024-12-13T17:16:18.395-03:00 DEBUG 23116 --- [maestro] [           main] org.hibernate.type.BasicTypeRegistry     : Adding type registration yes_no -> org.hibernate.type.BasicTypeReference@107a0e6c
2024-12-13T17:16:18.395-03:00 DEBUG 23116 --- [maestro] [           main] org.hibernate.type.BasicTypeRegistry     : Adding type registration org.hibernate.type.YesNoConverter -> org.hibernate.type.BasicTypeReference@107a0e6c
2024-12-13T17:16:18.395-03:00 DEBUG 23116 --- [maestro] [           main] org.hibernate.type.BasicTypeRegistry     : Adding type registration byte -> org.hibernate.type.BasicTypeReference@7346bede
2024-12-13T17:16:18.395-03:00 DEBUG 23116 --- [maestro] [           main] org.hibernate.type.BasicTypeRegistry     : Adding type registration byte -> org.hibernate.type.BasicTypeReference@7346bede
2024-12-13T17:16:18.395-03:00 DEBUG 23116 --- [maestro] [           main] org.hibernate.type.BasicTypeRegistry     : Adding type registration java.lang.Byte -> org.hibernate.type.BasicTypeReference@7346bede
2024-12-13T17:16:18.395-03:00 DEBUG 23116 --- [maestro] [           main] org.hibernate.type.BasicTypeRegistry     : Adding type registration binary -> org.hibernate.type.BasicTypeReference@607c0933
2024-12-13T17:16:18.395-03:00 DEBUG 23116 --- [maestro] [           main] org.hibernate.type.BasicTypeRegistry     : Adding type registration byte[] -> org.hibernate.type.BasicTypeReference@607c0933
2024-12-13T17:16:18.395-03:00 DEBUG 23116 --- [maestro] [           main] org.hibernate.type.BasicTypeRegistry     : Adding type registration [B -> org.hibernate.type.BasicTypeReference@607c0933
2024-12-13T17:16:18.395-03:00 DEBUG 23116 --- [maestro] [           main] org.hibernate.type.BasicTypeRegistry     : Adding type registration binary_wrapper -> org.hibernate.type.BasicTypeReference@6cd75a1b
2024-12-13T17:16:18.395-03:00 DEBUG 23116 --- [maestro] [           main] org.hibernate.type.BasicTypeRegistry     : Adding type registration wrapper-binary -> org.hibernate.type.BasicTypeReference@6cd75a1b
2024-12-13T17:16:18.395-03:00 DEBUG 23116 --- [maestro] [           main] org.hibernate.type.BasicTypeRegistry     : Adding type registration image -> org.hibernate.type.BasicTypeReference@2c9e3083
2024-12-13T17:16:18.395-03:00 DEBUG 23116 --- [maestro] [           main] org.hibernate.type.BasicTypeRegistry     : Adding type registration blob -> org.hibernate.type.BasicTypeReference@6a68cb80
2024-12-13T17:16:18.395-03:00 DEBUG 23116 --- [maestro] [           main] org.hibernate.type.BasicTypeRegistry     : Adding type registration java.sql.Blob -> org.hibernate.type.BasicTypeReference@6a68cb80
2024-12-13T17:16:18.395-03:00 DEBUG 23116 --- [maestro] [           main] org.hibernate.type.BasicTypeRegistry     : Adding type registration materialized_blob -> org.hibernate.type.BasicTypeReference@6add626f
2024-12-13T17:16:18.395-03:00 DEBUG 23116 --- [maestro] [           main] org.hibernate.type.BasicTypeRegistry     : Adding type registration materialized_blob_wrapper -> org.hibernate.type.BasicTypeReference@3c0cfaad
2024-12-13T17:16:18.395-03:00 DEBUG 23116 --- [maestro] [           main] org.hibernate.type.BasicTypeRegistry     : Adding type registration short -> org.hibernate.type.BasicTypeReference@61cbcf87
2024-12-13T17:16:18.395-03:00 DEBUG 23116 --- [maestro] [           main] org.hibernate.type.BasicTypeRegistry     : Adding type registration short -> org.hibernate.type.BasicTypeReference@61cbcf87
2024-12-13T17:16:18.395-03:00 DEBUG 23116 --- [maestro] [           main] org.hibernate.type.BasicTypeRegistry     : Adding type registration java.lang.Short -> org.hibernate.type.BasicTypeReference@61cbcf87
2024-12-13T17:16:18.395-03:00 DEBUG 23116 --- [maestro] [           main] org.hibernate.type.BasicTypeRegistry     : Adding type registration integer -> org.hibernate.type.BasicTypeReference@4dd32cf5
2024-12-13T17:16:18.395-03:00 DEBUG 23116 --- [maestro] [           main] org.hibernate.type.BasicTypeRegistry     : Adding type registration int -> org.hibernate.type.BasicTypeReference@4dd32cf5
2024-12-13T17:16:18.395-03:00 DEBUG 23116 --- [maestro] [           main] org.hibernate.type.BasicTypeRegistry     : Adding type registration java.lang.Integer -> org.hibernate.type.BasicTypeReference@4dd32cf5
2024-12-13T17:16:18.395-03:00 DEBUG 23116 --- [maestro] [           main] org.hibernate.type.BasicTypeRegistry     : Adding type registration long -> org.hibernate.type.BasicTypeReference@4c1ce13a
2024-12-13T17:16:18.395-03:00 DEBUG 23116 --- [maestro] [           main] org.hibernate.type.BasicTypeRegistry     : Adding type registration long -> org.hibernate.type.BasicTypeReference@4c1ce13a
2024-12-13T17:16:18.395-03:00 DEBUG 23116 --- [maestro] [           main] org.hibernate.type.BasicTypeRegistry     : Adding type registration java.lang.Long -> org.hibernate.type.BasicTypeReference@4c1ce13a
2024-12-13T17:16:18.395-03:00 DEBUG 23116 --- [maestro] [           main] org.hibernate.type.BasicTypeRegistry     : Adding type registration float -> org.hibernate.type.BasicTypeReference@179eb386
2024-12-13T17:16:18.395-03:00 DEBUG 23116 --- [maestro] [           main] org.hibernate.type.BasicTypeRegistry     : Adding type registration float -> org.hibernate.type.BasicTypeReference@179eb386
2024-12-13T17:16:18.395-03:00 DEBUG 23116 --- [maestro] [           main] org.hibernate.type.BasicTypeRegistry     : Adding type registration java.lang.Float -> org.hibernate.type.BasicTypeReference@179eb386
2024-12-13T17:16:18.395-03:00 DEBUG 23116 --- [maestro] [           main] org.hibernate.type.BasicTypeRegistry     : Adding type registration double -> org.hibernate.type.BasicTypeReference@2896e105
2024-12-13T17:16:18.395-03:00 DEBUG 23116 --- [maestro] [           main] org.hibernate.type.BasicTypeRegistry     : Adding type registration double -> org.hibernate.type.BasicTypeReference@2896e105
2024-12-13T17:16:18.395-03:00 DEBUG 23116 --- [maestro] [           main] org.hibernate.type.BasicTypeRegistry     : Adding type registration java.lang.Double -> org.hibernate.type.BasicTypeReference@2896e105
2024-12-13T17:16:18.395-03:00 DEBUG 23116 --- [maestro] [           main] org.hibernate.type.BasicTypeRegistry     : Adding type registration big_integer -> org.hibernate.type.BasicTypeReference@7c76d466
2024-12-13T17:16:18.395-03:00 DEBUG 23116 --- [maestro] [           main] org.hibernate.type.BasicTypeRegistry     : Adding type registration java.math.BigInteger -> org.hibernate.type.BasicTypeReference@7c76d466
2024-12-13T17:16:18.395-03:00 DEBUG 23116 --- [maestro] [           main] org.hibernate.type.BasicTypeRegistry     : Adding type registration big_decimal -> org.hibernate.type.BasicTypeReference@5748ffe3
2024-12-13T17:16:18.395-03:00 DEBUG 23116 --- [maestro] [           main] org.hibernate.type.BasicTypeRegistry     : Adding type registration java.math.BigDecimal -> org.hibernate.type.BasicTypeReference@5748ffe3
2024-12-13T17:16:18.395-03:00 DEBUG 23116 --- [maestro] [           main] org.hibernate.type.BasicTypeRegistry     : Adding type registration character -> org.hibernate.type.BasicTypeReference@3528740f
2024-12-13T17:16:18.396-03:00 DEBUG 23116 --- [maestro] [           main] org.hibernate.type.BasicTypeRegistry     : Adding type registration char -> org.hibernate.type.BasicTypeReference@3528740f
2024-12-13T17:16:18.396-03:00 DEBUG 23116 --- [maestro] [           main] org.hibernate.type.BasicTypeRegistry     : Adding type registration java.lang.Character -> org.hibernate.type.BasicTypeReference@3528740f
2024-12-13T17:16:18.396-03:00 DEBUG 23116 --- [maestro] [           main] org.hibernate.type.BasicTypeRegistry     : Adding type registration character_nchar -> org.hibernate.type.BasicTypeReference@2a292566
2024-12-13T17:16:18.396-03:00 DEBUG 23116 --- [maestro] [           main] org.hibernate.type.BasicTypeRegistry     : Adding type registration string -> org.hibernate.type.BasicTypeReference@603601a1
2024-12-13T17:16:18.396-03:00 DEBUG 23116 --- [maestro] [           main] org.hibernate.type.BasicTypeRegistry     : Adding type registration java.lang.String -> org.hibernate.type.BasicTypeReference@603601a1
2024-12-13T17:16:18.396-03:00 DEBUG 23116 --- [maestro] [           main] org.hibernate.type.BasicTypeRegistry     : Adding type registration nstring -> org.hibernate.type.BasicTypeReference@70915da3
2024-12-13T17:16:18.396-03:00 DEBUG 23116 --- [maestro] [           main] org.hibernate.type.BasicTypeRegistry     : Adding type registration characters -> org.hibernate.type.BasicTypeReference@66fd7b2
2024-12-13T17:16:18.396-03:00 DEBUG 23116 --- [maestro] [           main] org.hibernate.type.BasicTypeRegistry     : Adding type registration char[] -> org.hibernate.type.BasicTypeReference@66fd7b2
2024-12-13T17:16:18.396-03:00 DEBUG 23116 --- [maestro] [           main] org.hibernate.type.BasicTypeRegistry     : Adding type registration [C -> org.hibernate.type.BasicTypeReference@66fd7b2
2024-12-13T17:16:18.396-03:00 DEBUG 23116 --- [maestro] [           main] org.hibernate.type.BasicTypeRegistry     : Adding type registration wrapper-characters -> org.hibernate.type.BasicTypeReference@658ec00c
2024-12-13T17:16:18.396-03:00 DEBUG 23116 --- [maestro] [           main] org.hibernate.type.BasicTypeRegistry     : Adding type registration text -> org.hibernate.type.BasicTypeReference@3565ee15
2024-12-13T17:16:18.396-03:00 DEBUG 23116 --- [maestro] [           main] org.hibernate.type.BasicTypeRegistry     : Adding type registration ntext -> org.hibernate.type.BasicTypeReference@4fe3d15f
2024-12-13T17:16:18.396-03:00 DEBUG 23116 --- [maestro] [           main] org.hibernate.type.BasicTypeRegistry     : Adding type registration clob -> org.hibernate.type.BasicTypeReference@37495d56
2024-12-13T17:16:18.396-03:00 DEBUG 23116 --- [maestro] [           main] org.hibernate.type.BasicTypeRegistry     : Adding type registration java.sql.Clob -> org.hibernate.type.BasicTypeReference@37495d56
2024-12-13T17:16:18.396-03:00 DEBUG 23116 --- [maestro] [           main] org.hibernate.type.BasicTypeRegistry     : Adding type registration nclob -> org.hibernate.type.BasicTypeReference@24546513
2024-12-13T17:16:18.396-03:00 DEBUG 23116 --- [maestro] [           main] org.hibernate.type.BasicTypeRegistry     : Adding type registration java.sql.NClob -> org.hibernate.type.BasicTypeReference@24546513
2024-12-13T17:16:18.396-03:00 DEBUG 23116 --- [maestro] [           main] org.hibernate.type.BasicTypeRegistry     : Adding type registration materialized_clob -> org.hibernate.type.BasicTypeReference@3e5b32ca
2024-12-13T17:16:18.396-03:00 DEBUG 23116 --- [maestro] [           main] org.hibernate.type.BasicTypeRegistry     : Adding type registration materialized_clob_char_array -> org.hibernate.type.BasicTypeReference@6fe37577
2024-12-13T17:16:18.396-03:00 DEBUG 23116 --- [maestro] [           main] org.hibernate.type.BasicTypeRegistry     : Adding type registration materialized_clob_character_array -> org.hibernate.type.BasicTypeReference@12bd2630
2024-12-13T17:16:18.396-03:00 DEBUG 23116 --- [maestro] [           main] org.hibernate.type.BasicTypeRegistry     : Adding type registration materialized_nclob -> org.hibernate.type.BasicTypeReference@1546a589
2024-12-13T17:16:18.396-03:00 DEBUG 23116 --- [maestro] [           main] org.hibernate.type.BasicTypeRegistry     : Adding type registration materialized_nclob_character_array -> org.hibernate.type.BasicTypeReference@726c1889
2024-12-13T17:16:18.396-03:00 DEBUG 23116 --- [maestro] [           main] org.hibernate.type.BasicTypeRegistry     : Adding type registration materialized_nclob_char_array -> org.hibernate.type.BasicTypeReference@6d0937e
2024-12-13T17:16:18.396-03:00 DEBUG 23116 --- [maestro] [           main] org.hibernate.type.BasicTypeRegistry     : Adding type registration Duration -> org.hibernate.type.BasicTypeReference@7da7a932
2024-12-13T17:16:18.396-03:00 DEBUG 23116 --- [maestro] [           main] org.hibernate.type.BasicTypeRegistry     : Adding type registration java.time.Duration -> org.hibernate.type.BasicTypeReference@7da7a932
2024-12-13T17:16:18.396-03:00 DEBUG 23116 --- [maestro] [           main] org.hibernate.type.BasicTypeRegistry     : Adding type registration LocalDateTime -> org.hibernate.type.BasicTypeReference@5d6d21e2
2024-12-13T17:16:18.396-03:00 DEBUG 23116 --- [maestro] [           main] org.hibernate.type.BasicTypeRegistry     : Adding type registration java.time.LocalDateTime -> org.hibernate.type.BasicTypeReference@5d6d21e2
2024-12-13T17:16:18.396-03:00 DEBUG 23116 --- [maestro] [           main] org.hibernate.type.BasicTypeRegistry     : Adding type registration LocalDate -> org.hibernate.type.BasicTypeReference@4fd7c296
2024-12-13T17:16:18.396-03:00 DEBUG 23116 --- [maestro] [           main] org.hibernate.type.BasicTypeRegistry     : Adding type registration java.time.LocalDate -> org.hibernate.type.BasicTypeReference@4fd7c296
2024-12-13T17:16:18.396-03:00 DEBUG 23116 --- [maestro] [           main] org.hibernate.type.BasicTypeRegistry     : Adding type registration LocalTime -> org.hibernate.type.BasicTypeReference@4d9ef371
2024-12-13T17:16:18.396-03:00 DEBUG 23116 --- [maestro] [           main] org.hibernate.type.BasicTypeRegistry     : Adding type registration java.time.LocalTime -> org.hibernate.type.BasicTypeReference@4d9ef371
2024-12-13T17:16:18.397-03:00 DEBUG 23116 --- [maestro] [           main] org.hibernate.type.BasicTypeRegistry     : Adding type registration OffsetDateTime -> org.hibernate.type.BasicTypeReference@d303dc9
2024-12-13T17:16:18.397-03:00 DEBUG 23116 --- [maestro] [           main] org.hibernate.type.BasicTypeRegistry     : Adding type registration java.time.OffsetDateTime -> org.hibernate.type.BasicTypeReference@d303dc9
2024-12-13T17:16:18.397-03:00 DEBUG 23116 --- [maestro] [           main] org.hibernate.type.BasicTypeRegistry     : Adding type registration OffsetDateTimeWithTimezone -> org.hibernate.type.BasicTypeReference@39e67fbc
2024-12-13T17:16:18.397-03:00 DEBUG 23116 --- [maestro] [           main] org.hibernate.type.BasicTypeRegistry     : Adding type registration OffsetDateTimeWithoutTimezone -> org.hibernate.type.BasicTypeReference@4854c964
2024-12-13T17:16:18.397-03:00 DEBUG 23116 --- [maestro] [           main] org.hibernate.type.BasicTypeRegistry     : Adding type registration OffsetTime -> org.hibernate.type.BasicTypeReference@726bbe64
2024-12-13T17:16:18.397-03:00 DEBUG 23116 --- [maestro] [           main] org.hibernate.type.BasicTypeRegistry     : Adding type registration java.time.OffsetTime -> org.hibernate.type.BasicTypeReference@726bbe64
2024-12-13T17:16:18.397-03:00 DEBUG 23116 --- [maestro] [           main] org.hibernate.type.BasicTypeRegistry     : Adding type registration OffsetTimeUtc -> org.hibernate.type.BasicTypeReference@7eb91b95
2024-12-13T17:16:18.397-03:00 DEBUG 23116 --- [maestro] [           main] org.hibernate.type.BasicTypeRegistry     : Adding type registration OffsetTimeWithTimezone -> org.hibernate.type.BasicTypeReference@74a89061
2024-12-13T17:16:18.397-03:00 DEBUG 23116 --- [maestro] [           main] org.hibernate.type.BasicTypeRegistry     : Adding type registration OffsetTimeWithoutTimezone -> org.hibernate.type.BasicTypeReference@1a596879
2024-12-13T17:16:18.397-03:00 DEBUG 23116 --- [maestro] [           main] org.hibernate.type.BasicTypeRegistry     : Adding type registration ZonedDateTime -> org.hibernate.type.BasicTypeReference@35ee7dc8
2024-12-13T17:16:18.397-03:00 DEBUG 23116 --- [maestro] [           main] org.hibernate.type.BasicTypeRegistry     : Adding type registration java.time.ZonedDateTime -> org.hibernate.type.BasicTypeReference@35ee7dc8
2024-12-13T17:16:18.397-03:00 DEBUG 23116 --- [maestro] [           main] org.hibernate.type.BasicTypeRegistry     : Adding type registration ZonedDateTimeWithTimezone -> org.hibernate.type.BasicTypeReference@33dbd53
2024-12-13T17:16:18.397-03:00 DEBUG 23116 --- [maestro] [           main] org.hibernate.type.BasicTypeRegistry     : Adding type registration ZonedDateTimeWithoutTimezone -> org.hibernate.type.BasicTypeReference@33260ecd
2024-12-13T17:16:18.397-03:00 DEBUG 23116 --- [maestro] [           main] org.hibernate.type.BasicTypeRegistry     : Adding type registration date -> org.hibernate.type.BasicTypeReference@626db270
2024-12-13T17:16:18.397-03:00 DEBUG 23116 --- [maestro] [           main] org.hibernate.type.BasicTypeRegistry     : Adding type registration java.sql.Date -> org.hibernate.type.BasicTypeReference@626db270
2024-12-13T17:16:18.397-03:00 DEBUG 23116 --- [maestro] [           main] org.hibernate.type.BasicTypeRegistry     : Adding type registration time -> org.hibernate.type.BasicTypeReference@24ab83c8
2024-12-13T17:16:18.397-03:00 DEBUG 23116 --- [maestro] [           main] org.hibernate.type.BasicTypeRegistry     : Adding type registration java.sql.Time -> org.hibernate.type.BasicTypeReference@24ab83c8
2024-12-13T17:16:18.397-03:00 DEBUG 23116 --- [maestro] [           main] org.hibernate.type.BasicTypeRegistry     : Adding type registration timestamp -> org.hibernate.type.BasicTypeReference@4a92652b
2024-12-13T17:16:18.397-03:00 DEBUG 23116 --- [maestro] [           main] org.hibernate.type.BasicTypeRegistry     : Adding type registration java.sql.Timestamp -> org.hibernate.type.BasicTypeReference@4a92652b
2024-12-13T17:16:18.397-03:00 DEBUG 23116 --- [maestro] [           main] org.hibernate.type.BasicTypeRegistry     : Adding type registration java.util.Date -> org.hibernate.type.BasicTypeReference@4a92652b
2024-12-13T17:16:18.397-03:00 DEBUG 23116 --- [maestro] [           main] org.hibernate.type.BasicTypeRegistry     : Adding type registration calendar -> org.hibernate.type.BasicTypeReference@49c15ad2
2024-12-13T17:16:18.397-03:00 DEBUG 23116 --- [maestro] [           main] org.hibernate.type.BasicTypeRegistry     : Adding type registration java.util.Calendar -> org.hibernate.type.BasicTypeReference@49c15ad2
2024-12-13T17:16:18.397-03:00 DEBUG 23116 --- [maestro] [           main] org.hibernate.type.BasicTypeRegistry     : Adding type registration java.util.GregorianCalendar -> org.hibernate.type.BasicTypeReference@49c15ad2
2024-12-13T17:16:18.397-03:00 DEBUG 23116 --- [maestro] [           main] org.hibernate.type.BasicTypeRegistry     : Adding type registration calendar_date -> org.hibernate.type.BasicTypeReference@46309fa8
2024-12-13T17:16:18.397-03:00 DEBUG 23116 --- [maestro] [           main] org.hibernate.type.BasicTypeRegistry     : Adding type registration calendar_time -> org.hibernate.type.BasicTypeReference@3e7de165
2024-12-13T17:16:18.397-03:00 DEBUG 23116 --- [maestro] [           main] org.hibernate.type.BasicTypeRegistry     : Adding type registration instant -> org.hibernate.type.BasicTypeReference@671f70bc
2024-12-13T17:16:18.397-03:00 DEBUG 23116 --- [maestro] [           main] org.hibernate.type.BasicTypeRegistry     : Adding type registration java.time.Instant -> org.hibernate.type.BasicTypeReference@671f70bc
2024-12-13T17:16:18.397-03:00 DEBUG 23116 --- [maestro] [           main] org.hibernate.type.BasicTypeRegistry     : Adding type registration uuid -> org.hibernate.type.BasicTypeReference@244ba147
2024-12-13T17:16:18.397-03:00 DEBUG 23116 --- [maestro] [           main] org.hibernate.type.BasicTypeRegistry     : Adding type registration java.util.UUID -> org.hibernate.type.BasicTypeReference@244ba147
2024-12-13T17:16:18.397-03:00 DEBUG 23116 --- [maestro] [           main] org.hibernate.type.BasicTypeRegistry     : Adding type registration pg-uuid -> org.hibernate.type.BasicTypeReference@244ba147
2024-12-13T17:16:18.397-03:00 DEBUG 23116 --- [maestro] [           main] org.hibernate.type.BasicTypeRegistry     : Adding type registration uuid-binary -> org.hibernate.type.BasicTypeReference@6644b7b9
2024-12-13T17:16:18.397-03:00 DEBUG 23116 --- [maestro] [           main] org.hibernate.type.BasicTypeRegistry     : Adding type registration uuid-char -> org.hibernate.type.BasicTypeReference@376314dd
2024-12-13T17:16:18.397-03:00 DEBUG 23116 --- [maestro] [           main] org.hibernate.type.BasicTypeRegistry     : Adding type registration class -> org.hibernate.type.BasicTypeReference@2b65081d
2024-12-13T17:16:18.397-03:00 DEBUG 23116 --- [maestro] [           main] org.hibernate.type.BasicTypeRegistry     : Adding type registration java.lang.Class -> org.hibernate.type.BasicTypeReference@2b65081d
2024-12-13T17:16:18.397-03:00 DEBUG 23116 --- [maestro] [           main] org.hibernate.type.BasicTypeRegistry     : Adding type registration currency -> org.hibernate.type.BasicTypeReference@525dd5af
2024-12-13T17:16:18.397-03:00 DEBUG 23116 --- [maestro] [           main] org.hibernate.type.BasicTypeRegistry     : Adding type registration Currency -> org.hibernate.type.BasicTypeReference@525dd5af
2024-12-13T17:16:18.397-03:00 DEBUG 23116 --- [maestro] [           main] org.hibernate.type.BasicTypeRegistry     : Adding type registration java.util.Currency -> org.hibernate.type.BasicTypeReference@525dd5af
2024-12-13T17:16:18.397-03:00 DEBUG 23116 --- [maestro] [           main] org.hibernate.type.BasicTypeRegistry     : Adding type registration locale -> org.hibernate.type.BasicTypeReference@11675922
2024-12-13T17:16:18.397-03:00 DEBUG 23116 --- [maestro] [           main] org.hibernate.type.BasicTypeRegistry     : Adding type registration java.util.Locale -> org.hibernate.type.BasicTypeReference@11675922
2024-12-13T17:16:18.397-03:00 DEBUG 23116 --- [maestro] [           main] org.hibernate.type.BasicTypeRegistry     : Adding type registration serializable -> org.hibernate.type.BasicTypeReference@3e0d722f
2024-12-13T17:16:18.397-03:00 DEBUG 23116 --- [maestro] [           main] org.hibernate.type.BasicTypeRegistry     : Adding type registration java.io.Serializable -> org.hibernate.type.BasicTypeReference@3e0d722f
2024-12-13T17:16:18.397-03:00 DEBUG 23116 --- [maestro] [           main] org.hibernate.type.BasicTypeRegistry     : Adding type registration timezone -> org.hibernate.type.BasicTypeReference@3d2bb013
2024-12-13T17:16:18.397-03:00 DEBUG 23116 --- [maestro] [           main] org.hibernate.type.BasicTypeRegistry     : Adding type registration java.util.TimeZone -> org.hibernate.type.BasicTypeReference@3d2bb013
2024-12-13T17:16:18.397-03:00 DEBUG 23116 --- [maestro] [           main] org.hibernate.type.BasicTypeRegistry     : Adding type registration ZoneOffset -> org.hibernate.type.BasicTypeReference@167eab4
2024-12-13T17:16:18.397-03:00 DEBUG 23116 --- [maestro] [           main] org.hibernate.type.BasicTypeRegistry     : Adding type registration java.time.ZoneOffset -> org.hibernate.type.BasicTypeReference@167eab4
2024-12-13T17:16:18.397-03:00 DEBUG 23116 --- [maestro] [           main] org.hibernate.type.BasicTypeRegistry     : Adding type registration url -> org.hibernate.type.BasicTypeReference@2a621df3
2024-12-13T17:16:18.397-03:00 DEBUG 23116 --- [maestro] [           main] org.hibernate.type.BasicTypeRegistry     : Adding type registration java.net.URL -> org.hibernate.type.BasicTypeReference@2a621df3
2024-12-13T17:16:18.397-03:00 DEBUG 23116 --- [maestro] [           main] org.hibernate.type.BasicTypeRegistry     : Adding type registration vector -> org.hibernate.type.BasicTypeReference@7fab8e9a
2024-12-13T17:16:18.397-03:00 DEBUG 23116 --- [maestro] [           main] org.hibernate.type.BasicTypeRegistry     : Adding type registration row_version -> org.hibernate.type.BasicTypeReference@1f600254
2024-12-13T17:16:18.397-03:00 DEBUG 23116 --- [maestro] [           main] org.hibernate.type.BasicTypeRegistry     : Adding type registration object -> org.hibernate.type.JavaObjectType@1bdaa13c
2024-12-13T17:16:18.397-03:00 DEBUG 23116 --- [maestro] [           main] org.hibernate.type.BasicTypeRegistry     : Adding type registration java.lang.Object -> org.hibernate.type.JavaObjectType@1bdaa13c
2024-12-13T17:16:18.397-03:00 DEBUG 23116 --- [maestro] [           main] org.hibernate.type.BasicTypeRegistry     : Adding type registration null -> org.hibernate.type.NullType@77966cc3
2024-12-13T17:16:18.397-03:00 DEBUG 23116 --- [maestro] [           main] org.hibernate.type.BasicTypeRegistry     : Adding type registration imm_date -> org.hibernate.type.BasicTypeReference@2572728b
2024-12-13T17:16:18.397-03:00 DEBUG 23116 --- [maestro] [           main] org.hibernate.type.BasicTypeRegistry     : Adding type registration imm_time -> org.hibernate.type.BasicTypeReference@776e78ab
2024-12-13T17:16:18.397-03:00 DEBUG 23116 --- [maestro] [           main] org.hibernate.type.BasicTypeRegistry     : Adding type registration imm_timestamp -> org.hibernate.type.BasicTypeReference@4b7f66b3
2024-12-13T17:16:18.397-03:00 DEBUG 23116 --- [maestro] [           main] org.hibernate.type.BasicTypeRegistry     : Adding type registration imm_calendar -> org.hibernate.type.BasicTypeReference@374ea571
2024-12-13T17:16:18.397-03:00 DEBUG 23116 --- [maestro] [           main] org.hibernate.type.BasicTypeRegistry     : Adding type registration imm_calendar_date -> org.hibernate.type.BasicTypeReference@19e7f39
2024-12-13T17:16:18.397-03:00 DEBUG 23116 --- [maestro] [           main] org.hibernate.type.BasicTypeRegistry     : Adding type registration imm_calendar_time -> org.hibernate.type.BasicTypeReference@5b1e481
2024-12-13T17:16:18.397-03:00 DEBUG 23116 --- [maestro] [           main] org.hibernate.type.BasicTypeRegistry     : Adding type registration imm_binary -> org.hibernate.type.BasicTypeReference@35cb507a
2024-12-13T17:16:18.397-03:00 DEBUG 23116 --- [maestro] [           main] org.hibernate.type.BasicTypeRegistry     : Adding type registration imm_serializable -> org.hibernate.type.BasicTypeReference@776c1e9f
2024-12-13T17:16:18.401-03:00 DEBUG 23116 --- [maestro] [           main] o.h.boot.internal.BootstrapContextImpl   : Injecting JPA temp ClassLoader [org.springframework.instrument.classloading.SimpleThrowawayClassLoader@f66b93e] into BootstrapContext; was [null]
2024-12-13T17:16:18.401-03:00 DEBUG 23116 --- [maestro] [           main] o.h.boot.internal.ClassLoaderAccessImpl  : ClassLoaderAccessImpl#injectTempClassLoader(org.springframework.instrument.classloading.SimpleThrowawayClassLoader@f66b93e) [was null]
2024-12-13T17:16:18.401-03:00 DEBUG 23116 --- [maestro] [           main] o.h.boot.internal.BootstrapContextImpl   : Injecting ScanEnvironment [org.hibernate.jpa.boot.internal.StandardJpaScanEnvironmentImpl@60417028] into BootstrapContext; was [null]
2024-12-13T17:16:18.401-03:00 DEBUG 23116 --- [maestro] [           main] o.h.boot.internal.BootstrapContextImpl   : Injecting ScanOptions [org.hibernate.boot.archive.scan.internal.StandardScanOptions@774e0259] into BootstrapContext; was [org.hibernate.boot.archive.scan.internal.StandardScanOptions@3cfbd27c]
2024-12-13T17:16:18.418-03:00  INFO 23116 --- [maestro] [           main] o.s.o.j.p.SpringPersistenceUnitInfo      : No LoadTimeWeaver setup: ignoring JPA class transformer
2024-12-13T17:16:18.418-03:00 DEBUG 23116 --- [maestro] [           main] o.h.boot.internal.BootstrapContextImpl   : Injecting JPA temp ClassLoader [null] into BootstrapContext; was [org.springframework.instrument.classloading.SimpleThrowawayClassLoader@f66b93e]
2024-12-13T17:16:18.419-03:00 DEBUG 23116 --- [maestro] [           main] o.h.boot.internal.ClassLoaderAccessImpl  : ClassLoaderAccessImpl#injectTempClassLoader(null) [was org.springframework.instrument.classloading.SimpleThrowawayClassLoader@f66b93e]
2024-12-13T17:16:18.421-03:00  INFO 23116 --- [maestro] [           main] com.zaxxer.hikari.HikariDataSource       : HikariPool-2 - Starting...
2024-12-13T17:16:18.421-03:00  WARN 23116 --- [maestro] [           main] c.zaxxer.hikari.util.DriverDataSource    : Registered driver with driverClassName=oracle.jdbc.driver.OracleDriver was not found, trying direct instantiation.
2024-12-13T17:16:18.769-03:00  INFO 23116 --- [maestro] [           main] com.zaxxer.hikari.pool.HikariPool        : HikariPool-2 - Added connection oracle.jdbc.driver.T4CConnection@37e851a3
2024-12-13T17:16:18.769-03:00  INFO 23116 --- [maestro] [           main] com.zaxxer.hikari.HikariDataSource       : HikariPool-2 - Start completed.
2024-12-13T17:16:18.769-03:00 DEBUG 23116 --- [maestro] [           main] o.h.e.j.e.i.JdbcEnvironmentInitiator     : Database ->
	   name : Oracle
	version : Oracle Database 19c Enterprise Edition Release 19.0.0.0.0 - Production
Version 19.26.0.1.0
	  major : 19
	  minor : 0
2024-12-13T17:16:18.769-03:00 DEBUG 23116 --- [maestro] [           main] o.h.e.j.e.i.JdbcEnvironmentInitiator     : Driver ->
	   name : Oracle JDBC driver
	version : 21.5.0.0.0
	  major : 21
	  minor : 5
2024-12-13T17:16:18.770-03:00 DEBUG 23116 --- [maestro] [           main] o.h.e.j.e.i.JdbcEnvironmentInitiator     : JDBC version : 4.3
2024-12-13T17:16:18.774-03:00  WARN 23116 --- [maestro] [           main] org.hibernate.orm.deprecation            : HHH90000025: OracleDialect does not need to be specified explicitly using 'hibernate.dialect' (remove the property setting and it will be selected by default)
2024-12-13T17:16:18.774-03:00 DEBUG 23116 --- [maestro] [           main] org.hibernate.orm.dialect                : HHH035001: Using dialect: org.hibernate.dialect.OracleDialect, version: 19.0
2024-12-13T17:16:18.793-03:00 DEBUG 23116 --- [maestro] [           main] o.h.t.d.jdbc.spi.JdbcTypeRegistry        : addDescriptor(NCharTypeDescriptor) replaced previous registration(CharTypeDescriptor)
2024-12-13T17:16:18.793-03:00 DEBUG 23116 --- [maestro] [           main] o.h.t.d.jdbc.spi.JdbcTypeRegistry        : addDescriptor(NVarcharTypeDescriptor) replaced previous registration(VarcharTypeDescriptor)
2024-12-13T17:16:18.793-03:00 DEBUG 23116 --- [maestro] [           main] o.h.t.d.jdbc.spi.JdbcTypeRegistry        : addDescriptor(LongNVarcharTypeDescriptor) replaced previous registration(LongVarcharTypeDescriptor)
2024-12-13T17:16:18.793-03:00 DEBUG 23116 --- [maestro] [           main] o.h.t.d.jdbc.spi.JdbcTypeRegistry        : addDescriptor(NClobTypeDescriptor(DEFAULT)) replaced previous registration(ClobTypeDescriptor(DEFAULT))
2024-12-13T17:16:18.793-03:00 DEBUG 23116 --- [maestro] [           main] o.h.t.d.jdbc.spi.JdbcTypeRegistry        : addDescriptor(2005, ClobTypeDescriptor(STREAM_BINDING)) replaced previous registration(ClobTypeDescriptor(DEFAULT))
2024-12-13T17:16:18.793-03:00 DEBUG 23116 --- [maestro] [           main] o.h.t.d.jdbc.spi.JdbcTypeRegistry        : addDescriptor(BooleanTypeDescriptor) replaced previous registration(BooleanTypeDescriptor)
2024-12-13T17:16:18.793-03:00 DEBUG 23116 --- [maestro] [           main] org.hibernate.type.BasicTypeRegistry     : Adding type registration null -> org.hibernate.type.NullType@72a8b25e
2024-12-13T17:16:18.793-03:00 DEBUG 23116 --- [maestro] [           main] org.hibernate.type.BasicTypeRegistry     : Type registration key [null] overrode previous entry : `org.hibernate.type.NullType@77966cc3`
2024-12-13T17:16:18.793-03:00 DEBUG 23116 --- [maestro] [           main] org.hibernate.type.BasicTypeRegistry     : Adding type registration JAVA_OBJECT -> org.hibernate.type.JavaObjectType@3daca0d
2024-12-13T17:16:18.793-03:00 DEBUG 23116 --- [maestro] [           main] org.hibernate.type.BasicTypeRegistry     : Adding type registration java.lang.Object -> org.hibernate.type.JavaObjectType@3daca0d
2024-12-13T17:16:18.793-03:00 DEBUG 23116 --- [maestro] [           main] org.hibernate.type.BasicTypeRegistry     : Type registration key [java.lang.Object] overrode previous entry : `org.hibernate.type.JavaObjectType@1bdaa13c`
2024-12-13T17:16:18.794-03:00 DEBUG 23116 --- [maestro] [           main] org.hibernate.type.BasicTypeRegistry     : Adding type registration org.hibernate.type.DurationType -> basicType@22(java.time.Duration,3015)
2024-12-13T17:16:18.794-03:00 DEBUG 23116 --- [maestro] [           main] org.hibernate.type.BasicTypeRegistry     : Adding type registration Duration -> basicType@22(java.time.Duration,3015)
2024-12-13T17:16:18.794-03:00 DEBUG 23116 --- [maestro] [           main] org.hibernate.type.BasicTypeRegistry     : Adding type registration java.time.Duration -> basicType@22(java.time.Duration,3015)
2024-12-13T17:16:18.794-03:00 DEBUG 23116 --- [maestro] [           main] o.h.type.spi.TypeConfiguration$Scope     : Scoping TypeConfiguration [org.hibernate.type.spi.TypeConfiguration@327df687] to MetadataBuildingContext [org.hibernate.boot.internal.MetadataBuildingContextRootImpl@752d2d41]
2024-12-13T17:16:18.794-03:00 DEBUG 23116 --- [maestro] [           main] o.h.boot.model.relational.Namespace      : Created database namespace [logicalName=Name{catalog=null, schema=null}, physicalName=Name{catalog=null, schema=null}]
2024-12-13T17:16:18.794-03:00 DEBUG 23116 --- [maestro] [           main] o.h.boot.model.internal.EntityBinder     : Binding entity from annotated class: com.microproductos.maestro.model.Producto
2024-12-13T17:16:18.794-03:00 DEBUG 23116 --- [maestro] [           main] o.h.boot.model.internal.EntityBinder     : Import with entity name Producto
2024-12-13T17:16:18.794-03:00 DEBUG 23116 --- [maestro] [           main] o.h.boot.model.internal.EntityBinder     : Bind entity com.microproductos.maestro.model.Producto on table producto
2024-12-13T17:16:18.794-03:00 DEBUG 23116 --- [maestro] [           main] o.h.boot.model.internal.AnnotatedColumn  : Binding column: AnnotatedDiscriminatorColumn(column='DTYPE')
2024-12-13T17:16:18.795-03:00 DEBUG 23116 --- [maestro] [           main] o.h.boot.model.internal.AnnotatedColumn  : Binding column: AnnotatedColumn(column='id')
2024-12-13T17:16:18.795-03:00 DEBUG 23116 --- [maestro] [           main] o.h.boot.internal.ClassLoaderAccessImpl  : Not known whether passed class name [com.microproductos.maestro.model.Producto] is safe
2024-12-13T17:16:18.795-03:00 DEBUG 23116 --- [maestro] [           main] o.h.boot.internal.ClassLoaderAccessImpl  : No temp ClassLoader provided; using live ClassLoader for loading potentially unsafe class : com.microproductos.maestro.model.Producto
2024-12-13T17:16:18.795-03:00 DEBUG 23116 --- [maestro] [           main] o.h.boot.model.internal.PropertyBinder   : MetadataSourceProcessor property id with lazy=false
2024-12-13T17:16:18.795-03:00 DEBUG 23116 --- [maestro] [           main] o.h.b.m.internal.AbstractPropertyHolder  : Attempting to locate auto-apply AttributeConverter for property [com.microproductos.maestro.model.Producto:id]
2024-12-13T17:16:18.795-03:00 DEBUG 23116 --- [maestro] [           main] o.h.b.model.internal.BasicValueBinder    : building BasicValue for id
2024-12-13T17:16:18.795-03:00 DEBUG 23116 --- [maestro] [           main] org.hibernate.mapping.BasicValue         : Skipping column re-registration: producto.id
2024-12-13T17:16:18.795-03:00 DEBUG 23116 --- [maestro] [           main] o.h.boot.model.internal.PropertyBinder   : Building property id
2024-12-13T17:16:18.795-03:00 DEBUG 23116 --- [maestro] [           main] o.h.boot.model.internal.BinderHelper     : #makeIdGenerator(BasicValue([Column(id)]), id, identity, , ...)
2024-12-13T17:16:18.795-03:00 DEBUG 23116 --- [maestro] [           main] o.h.boot.model.internal.AnnotatedColumn  : Binding column: AnnotatedColumn(column='image')
2024-12-13T17:16:18.796-03:00 DEBUG 23116 --- [maestro] [           main] o.h.boot.model.internal.PropertyBinder   : MetadataSourceProcessor property image with lazy=false
2024-12-13T17:16:18.796-03:00 DEBUG 23116 --- [maestro] [           main] o.h.b.m.internal.AbstractPropertyHolder  : Attempting to locate auto-apply AttributeConverter for property [com.microproductos.maestro.model.Producto:image]
2024-12-13T17:16:18.796-03:00 DEBUG 23116 --- [maestro] [           main] o.h.b.model.internal.BasicValueBinder    : building BasicValue for image
2024-12-13T17:16:18.796-03:00 DEBUG 23116 --- [maestro] [           main] org.hibernate.mapping.BasicValue         : Skipping column re-registration: producto.image
2024-12-13T17:16:18.796-03:00 DEBUG 23116 --- [maestro] [           main] o.h.boot.model.internal.PropertyBinder   : Building property image
2024-12-13T17:16:18.796-03:00 DEBUG 23116 --- [maestro] [           main] o.h.boot.model.internal.AnnotatedColumn  : Binding column: AnnotatedColumn(column='nombre')
2024-12-13T17:16:18.796-03:00 DEBUG 23116 --- [maestro] [           main] o.h.boot.model.internal.PropertyBinder   : MetadataSourceProcessor property nombre with lazy=false
2024-12-13T17:16:18.796-03:00 DEBUG 23116 --- [maestro] [           main] o.h.b.m.internal.AbstractPropertyHolder  : Attempting to locate auto-apply AttributeConverter for property [com.microproductos.maestro.model.Producto:nombre]
2024-12-13T17:16:18.796-03:00 DEBUG 23116 --- [maestro] [           main] o.h.b.model.internal.BasicValueBinder    : building BasicValue for nombre
2024-12-13T17:16:18.796-03:00 DEBUG 23116 --- [maestro] [           main] org.hibernate.mapping.BasicValue         : Skipping column re-registration: producto.nombre
2024-12-13T17:16:18.796-03:00 DEBUG 23116 --- [maestro] [           main] o.h.boot.model.internal.PropertyBinder   : Building property nombre
2024-12-13T17:16:18.796-03:00 DEBUG 23116 --- [maestro] [           main] o.h.boot.model.internal.AnnotatedColumn  : Binding column: AnnotatedColumn(column='precio')
2024-12-13T17:16:18.797-03:00 DEBUG 23116 --- [maestro] [           main] o.h.boot.model.internal.PropertyBinder   : MetadataSourceProcessor property precio with lazy=false
2024-12-13T17:16:18.797-03:00 DEBUG 23116 --- [maestro] [           main] o.h.b.m.internal.AbstractPropertyHolder  : Attempting to locate auto-apply AttributeConverter for property [com.microproductos.maestro.model.Producto:precio]
2024-12-13T17:16:18.797-03:00 DEBUG 23116 --- [maestro] [           main] o.h.b.model.internal.BasicValueBinder    : building BasicValue for precio
2024-12-13T17:16:18.797-03:00 DEBUG 23116 --- [maestro] [           main] org.hibernate.mapping.BasicValue         : Skipping column re-registration: producto.precio
2024-12-13T17:16:18.797-03:00 DEBUG 23116 --- [maestro] [           main] o.h.boot.model.internal.PropertyBinder   : Building property precio
2024-12-13T17:16:18.798-03:00 DEBUG 23116 --- [maestro] [           main] o.h.b.r.c.i.ClassLoaderServiceImpl       : HHH000194: Package not found or no package-info.java: com.microproductos.maestro.model
2024-12-13T17:16:18.799-03:00 DEBUG 23116 --- [maestro] [           main] o.h.b.model.internal.BasicValueBinder    : Starting `BasicValueBinder#fillSimpleValue` for id
2024-12-13T17:16:18.799-03:00 DEBUG 23116 --- [maestro] [           main] o.h.b.model.internal.BasicValueBinder    : Starting `BasicValueBinder#fillSimpleValue` for image
2024-12-13T17:16:18.799-03:00 DEBUG 23116 --- [maestro] [           main] o.h.b.model.internal.BasicValueBinder    : Starting `BasicValueBinder#fillSimpleValue` for nombre
2024-12-13T17:16:18.799-03:00 DEBUG 23116 --- [maestro] [           main] o.h.b.model.internal.BasicValueBinder    : Starting `BasicValueBinder#fillSimpleValue` for precio
2024-12-13T17:16:18.800-03:00 DEBUG 23116 --- [maestro] [           main] org.hibernate.mapping.PrimaryKey         : Forcing column [id] to be non-null as it is part of the primary key for table [producto]
2024-12-13T17:16:18.815-03:00 DEBUG 23116 --- [maestro] [           main] o.hibernate.internal.SessionFactoryImpl  : Building session factory
2024-12-13T17:16:18.817-03:00 DEBUG 23116 --- [maestro] [           main] .h.s.i.SessionFactoryServiceRegistryImpl : EventListenerRegistry access via ServiceRegistry is deprecated.  Use `sessionFactory.getEventEngine().getListenerRegistry()` instead
2024-12-13T17:16:18.817-03:00 DEBUG 23116 --- [maestro] [           main] o.hibernate.internal.SessionFactoryImpl  : Instantiating SessionFactory with settings: {hibernate.format_sql=true, sonar.projectName='micro-maestro', java.specification.version=17, sun.cpu.isalist=amd64, hibernate.resource.beans.container=org.springframework.orm.hibernate5.SpringBeanContainer@328b6af3, hibernate.connection.handling_mode=DELAYED_ACQUISITION_AND_HOLD, sun.jnu.encoding=Cp1252, sonar.host.url=http://localhost:9000, hibernate.dialect=org.hibernate.dialect.OracleDialect, hibernate.implicit_naming_strategy=org.springframework.boot.orm.jpa.hibernate.SpringImplicitNamingStrategy, java.class.path=C:\sonar\maestro\target\test-classes;C:\sonar\maestro\target\classes;C:\Users\Dario\.m2\repository\org\springframework\boot\spring-boot-starter-actuator\3.3.5\spring-boot-starter-actuator-3.3.5.jar;C:\Users\Dario\.m2\repository\org\springframework\boot\spring-boot-starter\3.3.5\spring-boot-starter-3.3.5.jar;C:\Users\Dario\.m2\repository\org\springframework\boot\spring-boot-starter-logging\3.3.5\spring-boot-starter-logging-3.3.5.jar;C:\Users\Dario\.m2\repository\ch\qos\logback\logback-classic\1.5.11\logback-classic-1.5.11.jar;C:\Users\Dario\.m2\repository\ch\qos\logback\logback-core\1.5.11\logback-core-1.5.11.jar;C:\Users\Dario\.m2\repository\org\apache\logging\log4j\log4j-to-slf4j\2.23.1\log4j-to-slf4j-2.23.1.jar;C:\Users\Dario\.m2\repository\org\apache\logging\log4j\log4j-api\2.23.1\log4j-api-2.23.1.jar;C:\Users\Dario\.m2\repository\org\slf4j\jul-to-slf4j\2.0.16\jul-to-slf4j-2.0.16.jar;C:\Users\Dario\.m2\repository\jakarta\annotation\jakarta.annotation-api\2.1.1\jakarta.annotation-api-2.1.1.jar;C:\Users\Dario\.m2\repository\org\yaml\snakeyaml\2.2\snakeyaml-2.2.jar;C:\Users\Dario\.m2\repository\org\springframework\boot\spring-boot-actuator-autoconfigure\3.3.5\spring-boot-actuator-autoconfigure-3.3.5.jar;C:\Users\Dario\.m2\repository\org\springframework\boot\spring-boot-actuator\3.3.5\spring-boot-actuator-3.3.5.jar;C:\Users\Dario\.m2\repository\com\fasterxml\jackson\core\jackson-databind\2.17.2\jackson-databind-2.17.2.jar;C:\Users\Dario\.m2\repository\com\fasterxml\jackson\core\jackson-annotations\2.17.2\jackson-annotations-2.17.2.jar;C:\Users\Dario\.m2\repository\com\fasterxml\jackson\core\jackson-core\2.17.2\jackson-core-2.17.2.jar;C:\Users\Dario\.m2\repository\com\fasterxml\jackson\datatype\jackson-datatype-jsr310\2.17.2\jackson-datatype-jsr310-2.17.2.jar;C:\Users\Dario\.m2\repository\io\micrometer\micrometer-observation\1.13.6\micrometer-observation-1.13.6.jar;C:\Users\Dario\.m2\repository\io\micrometer\micrometer-commons\1.13.6\micrometer-commons-1.13.6.jar;C:\Users\Dario\.m2\repository\io\micrometer\micrometer-jakarta9\1.13.6\micrometer-jakarta9-1.13.6.jar;C:\Users\Dario\.m2\repository\io\micrometer\micrometer-core\1.13.6\micrometer-core-1.13.6.jar;C:\Users\Dario\.m2\repository\org\hdrhistogram\HdrHistogram\2.2.2\HdrHistogram-2.2.2.jar;C:\Users\Dario\.m2\repository\org\latencyutils\LatencyUtils\2.0.3\LatencyUtils-2.0.3.jar;C:\Users\Dario\.m2\repository\org\springframework\boot\spring-boot-starter-data-jpa\3.3.5\spring-boot-starter-data-jpa-3.3.5.jar;C:\Users\Dario\.m2\repository\org\springframework\boot\spring-boot-starter-aop\3.3.5\spring-boot-starter-aop-3.3.5.jar;C:\Users\Dario\.m2\repository\org\aspectj\aspectjweaver\1.9.22.1\aspectjweaver-1.9.22.1.jar;C:\Users\Dario\.m2\repository\org\springframework\boot\spring-boot-starter-jdbc\3.3.5\spring-boot-starter-jdbc-3.3.5.jar;C:\Users\Dario\.m2\repository\com\zaxxer\HikariCP\5.1.0\HikariCP-5.1.0.jar;C:\Users\Dario\.m2\repository\org\springframework\spring-jdbc\6.1.14\spring-jdbc-6.1.14.jar;C:\Users\Dario\.m2\repository\org\hibernate\orm\hibernate-core\6.5.3.Final\hibernate-core-6.5.3.Final.jar;C:\Users\Dario\.m2\repository\jakarta\persistence\jakarta.persistence-api\3.1.0\jakarta.persistence-api-3.1.0.jar;C:\Users\Dario\.m2\repository\jakarta\transaction\jakarta.transaction-api\2.0.1\jakarta.transaction-api-2.0.1.jar;C:\Users\Dario\.m2\repository\org\jboss\logging\jboss-logging\3.5.3.Final\jboss-logging-3.5.3.Final.jar;C:\Users\Dario\.m2\repository\org\hibernate\common\hibernate-commons-annotations\6.0.6.Final\hibernate-commons-annotations-6.0.6.Final.jar;C:\Users\Dario\.m2\repository\io\smallrye\jandex\3.1.2\jandex-3.1.2.jar;C:\Users\Dario\.m2\repository\com\fasterxml\classmate\1.7.0\classmate-1.7.0.jar;C:\Users\Dario\.m2\repository\org\glassfish\jaxb\jaxb-runtime\4.0.5\jaxb-runtime-4.0.5.jar;C:\Users\Dario\.m2\repository\org\glassfish\jaxb\jaxb-core\4.0.5\jaxb-core-4.0.5.jar;C:\Users\Dario\.m2\repository\org\eclipse\angus\angus-activation\2.0.2\angus-activation-2.0.2.jar;C:\Users\Dario\.m2\repository\org\glassfish\jaxb\txw2\4.0.5\txw2-4.0.5.jar;C:\Users\Dario\.m2\repository\com\sun\istack\istack-commons-runtime\4.1.2\istack-commons-runtime-4.1.2.jar;C:\Users\Dario\.m2\repository\jakarta\inject\jakarta.inject-api\2.0.1\jakarta.inject-api-2.0.1.jar;C:\Users\Dario\.m2\repository\org\antlr\antlr4-runtime\4.13.0\antlr4-runtime-4.13.0.jar;C:\Users\Dario\.m2\repository\org\springframework\data\spring-data-jpa\3.3.5\spring-data-jpa-3.3.5.jar;C:\Users\Dario\.m2\repository\org\springframework\data\spring-data-commons\3.3.5\spring-data-commons-3.3.5.jar;C:\Users\Dario\.m2\repository\org\springframework\spring-orm\6.1.14\spring-orm-6.1.14.jar;C:\Users\Dario\.m2\repository\org\springframework\spring-context\6.1.14\spring-context-6.1.14.jar;C:\Users\Dario\.m2\repository\org\springframework\spring-tx\6.1.14\spring-tx-6.1.14.jar;C:\Users\Dario\.m2\repository\org\springframework\spring-beans\6.1.14\spring-beans-6.1.14.jar;C:\Users\Dario\.m2\repository\org\slf4j\slf4j-api\2.0.16\slf4j-api-2.0.16.jar;C:\Users\Dario\.m2\repository\org\springframework\spring-aspects\6.1.14\spring-aspects-6.1.14.jar;C:\Users\Dario\.m2\repository\org\springframework\boot\spring-boot-starter-web\3.3.5\spring-boot-starter-web-3.3.5.jar;C:\Users\Dario\.m2\repository\org\springframework\boot\spring-boot-starter-json\3.3.5\spring-boot-starter-json-3.3.5.jar;C:\Users\Dario\.m2\repository\com\fasterxml\jackson\datatype\jackson-datatype-jdk8\2.17.2\jackson-datatype-jdk8-2.17.2.jar;C:\Users\Dario\.m2\repository\com\fasterxml\jackson\module\jackson-module-parameter-names\2.17.2\jackson-module-parameter-names-2.17.2.jar;C:\Users\Dario\.m2\repository\org\springframework\boot\spring-boot-starter-tomcat\3.3.5\spring-boot-starter-tomcat-3.3.5.jar;C:\Users\Dario\.m2\repository\org\apache\tomcat\embed\tomcat-embed-core\10.1.31\tomcat-embed-core-10.1.31.jar;C:\Users\Dario\.m2\repository\org\apache\tomcat\embed\tomcat-embed-websocket\10.1.31\tomcat-embed-websoc
[...]

   StackdriverMetricsExportAutoConfiguration:
      Did not match:
         - @ConditionalOnClass did not find required class 'io.micrometer.stackdriver.StackdriverMeterRegistry' (OnClassCondition)

   StartupEndpointAutoConfiguration:
      Did not match:
         - ApplicationStartup configured applicationStartup is of type class org.springframework.core.metrics.DefaultApplicationStartup, expected BufferingApplicationStartup. (StartupEndpointAutoConfiguration.ApplicationStartupCondition)

   StatsdMetricsExportAutoConfiguration:
      Did not match:
         - @ConditionalOnClass did not find required class 'io.micrometer.statsd.StatsdMeterRegistry' (OnClassCondition)

   TaskExecutorConfigurations.SimpleAsyncTaskExecutorBuilderConfiguration#simpleAsyncTaskExecutorBuilderVirtualThreads:
      Did not match:
         - @ConditionalOnMissingBean (types: org.springframework.boot.task.SimpleAsyncTaskExecutorBuilder; SearchStrategy: all) found beans of type 'org.springframework.boot.task.SimpleAsyncTaskExecutorBuilder' simpleAsyncTaskExecutorBuilder (OnBeanCondition)

   TaskExecutorConfigurations.TaskExecutorConfiguration#applicationTaskExecutorVirtualThreads:
      Did not match:
         - @ConditionalOnThreading did not find VIRTUAL (OnThreadingCondition)

   TaskSchedulingAutoConfiguration#scheduledBeanLazyInitializationExcludeFilter:
      Did not match:
         - @ConditionalOnBean (names: org.springframework.context.annotation.internalScheduledAnnotationProcessor; SearchStrategy: all) did not find any beans named org.springframework.context.annotation.internalScheduledAnnotationProcessor (OnBeanCondition)

   TaskSchedulingConfigurations.SimpleAsyncTaskSchedulerBuilderConfiguration#simpleAsyncTaskSchedulerBuilderVirtualThreads:
      Did not match:
         - @ConditionalOnMissingBean (types: org.springframework.boot.task.SimpleAsyncTaskSchedulerBuilder; SearchStrategy: all) found beans of type 'org.springframework.boot.task.SimpleAsyncTaskSchedulerBuilder' simpleAsyncTaskSchedulerBuilder (OnBeanCondition)

   TaskSchedulingConfigurations.TaskSchedulerConfiguration:
      Did not match:
         - @ConditionalOnBean (names: org.springframework.context.annotation.internalScheduledAnnotationProcessor; SearchStrategy: all) did not find any beans named org.springframework.context.annotation.internalScheduledAnnotationProcessor (OnBeanCondition)

   ThreadDumpEndpointAutoConfiguration:
      Did not match:
         - @ConditionalOnAvailableEndpoint no 'management.endpoints' property marked it as exposed (OnAvailableEndpointCondition)

   ThymeleafAutoConfiguration:
      Did not match:
         - @ConditionalOnClass did not find required class 'org.thymeleaf.spring6.SpringTemplateEngine' (OnClassCondition)

   TransactionAutoConfiguration#transactionalOperator:
      Did not match:
         - @ConditionalOnSingleCandidate (types: org.springframework.transaction.ReactiveTransactionManager; SearchStrategy: all) did not find any beans (OnBeanCondition)

   TransactionAutoConfiguration.AspectJTransactionManagementConfiguration:
      Did not match:
         - @ConditionalOnBean (types: org.springframework.transaction.aspectj.AbstractTransactionAspect; SearchStrategy: all) did not find any beans of type org.springframework.transaction.aspectj.AbstractTransactionAspect (OnBeanCondition)

   TransactionAutoConfiguration.EnableTransactionManagementConfiguration.JdkDynamicAutoProxyConfiguration:
      Did not match:
         - @ConditionalOnProperty (spring.aop.proxy-target-class=false) did not find property 'proxy-target-class' (OnPropertyCondition)

   UserDetailsServiceAutoConfiguration:
      Did not match:
         - @ConditionalOnMissingBean (types: org.springframework.security.authentication.AuthenticationManager,org.springframework.security.authentication.AuthenticationProvider,org.springframework.security.core.userdetails.UserDetailsService,org.springframework.security.authentication.AuthenticationManagerResolver,org.springframework.security.oauth2.jwt.JwtDecoder; SearchStrategy: all) found beans of type 'org.springframework.security.core.userdetails.UserDetailsService' userDetailsService (OnBeanCondition)
      Matched:
         - @ConditionalOnClass found required class 'org.springframework.security.authentication.AuthenticationManager' (OnClassCondition)
         - AnyNestedCondition 1 matched 2 did not; NestedCondition on UserDetailsServiceAutoConfiguration.MissingAlternativeOrUserPropertiesConfigured.PasswordConfigured @ConditionalOnProperty (spring.security.user.password) did not find property 'password'; NestedCondition on UserDetailsServiceAutoConfiguration.MissingAlternativeOrUserPropertiesConfigured.NameConfigured @ConditionalOnProperty (spring.security.user.name) did not find property 'name'; NestedCondition on UserDetailsServiceAutoConfiguration.MissingAlternativeOrUserPropertiesConfigured.MissingAlternative @ConditionalOnMissingClass did not find unwanted classes 'org.springframework.security.oauth2.client.registration.ClientRegistrationRepository', 'org.springframework.security.oauth2.server.resource.introspection.OpaqueTokenIntrospector', 'org.springframework.security.saml2.provider.service.registration.RelyingPartyRegistrationRepository' (UserDetailsServiceAutoConfiguration.MissingAlternativeOrUserPropertiesConfigured)

   WavefrontAutoConfiguration:
      Did not match:
         - @ConditionalOnClass did not find required class 'com.wavefront.sdk.common.application.ApplicationTags' (OnClassCondition)

   WavefrontMetricsExportAutoConfiguration:
      Did not match:
         - @ConditionalOnClass did not find required class 'com.wavefront.sdk.common.WavefrontSender' (OnClassCondition)

   WavefrontTracingAutoConfiguration:
      Did not match:
         - @ConditionalOnClass did not find required class 'com.wavefront.sdk.common.WavefrontSender' (OnClassCondition)

   WebClientAutoConfiguration:
      Did not match:
         - @ConditionalOnClass did not find required class 'org.springframework.web.reactive.function.client.WebClient' (OnClassCondition)

   WebClientObservationConfiguration:
      Did not match:
         - @ConditionalOnClass did not find required class 'org.springframework.web.reactive.function.client.WebClient' (OnClassCondition)

   WebFluxAutoConfiguration:
      Did not match:
         - @ConditionalOnClass did not find required class 'org.springframework.web.reactive.config.WebFluxConfigurer' (OnClassCondition)

   WebFluxEndpointManagementContextConfiguration:
      Did not match:
         - @ConditionalOnClass did not find required class 'org.springframework.web.reactive.DispatcherHandler' (OnClassCondition)

   WebFluxObservationAutoConfiguration:
      Did not match:
         - @ConditionalOnWebApplication did not find reactive web application classes (OnWebApplicationCondition)

   WebMvcAutoConfiguration#hiddenHttpMethodFilter:
      Did not match:
         - @ConditionalOnProperty (spring.mvc.hiddenmethod.filter.enabled) did not find property 'enabled' (OnPropertyCondition)

   WebMvcAutoConfiguration.ProblemDetailsErrorHandlingConfiguration:
      Did not match:
         - @ConditionalOnProperty (spring.mvc.problemdetails.enabled=true) did not find property 'enabled' (OnPropertyCondition)

   WebMvcAutoConfiguration.ResourceChainCustomizerConfiguration:
      Did not match:
         - @ConditionalOnEnabledResourceChain did not find class org.webjars.WebJarAssetLocator (OnEnabledResourceChainCondition)

   WebMvcAutoConfiguration.WebMvcAutoConfigurationAdapter#beanNameViewResolver:
      Did not match:
         - @ConditionalOnMissingBean (types: org.springframework.web.servlet.view.BeanNameViewResolver; SearchStrategy: all) found beans of type 'org.springframework.web.servlet.view.BeanNameViewResolver' beanNameViewResolver (OnBeanCondition)

   WebMvcEndpointManagementContextConfiguration#managementHealthEndpointWebMvcHandlerMapping:
      Did not match:
         - Management Port actual port type (SAME) did not match required type (DIFFERENT) (OnManagementPortCondition)

   WebServiceTemplateAutoConfiguration:
      Did not match:
         - @ConditionalOnClass did not find required class 'org.springframework.oxm.Marshaller' (OnClassCondition)

   WebServicesAutoConfiguration:
      Did not match:
         - @ConditionalOnClass did not find required class 'org.springframework.ws.transport.http.MessageDispatcherServlet' (OnClassCondition)

   WebSessionIdResolverAutoConfiguration:
      Did not match:
         - @ConditionalOnClass did not find required class 'reactor.core.publisher.Mono' (OnClassCondition)

   WebSocketMessagingAutoConfiguration:
      Did not match:
         - @ConditionalOnClass did not find required class 'org.springframework.web.socket.config.annotation.WebSocketMessageBrokerConfigurer' (OnClassCondition)

   WebSocketReactiveAutoConfiguration:
      Did not match:
         - @ConditionalOnWebApplication did not find reactive web application classes (OnWebApplicationCondition)

   WebSocketServletAutoConfiguration.JettyWebSocketConfiguration:
      Did not match:
         - @ConditionalOnClass did not find required class 'org.eclipse.jetty.ee10.websocket.jakarta.server.config.JakartaWebSocketServletContainerInitializer' (OnClassCondition)

   WebSocketServletAutoConfiguration.UndertowWebSocketConfiguration:
      Did not match:
         - @ConditionalOnClass did not find required class 'io.undertow.websockets.jsr.Bootstrap' (OnClassCondition)

   XADataSourceAutoConfiguration:
      Did not match:
         - @ConditionalOnBean (types: org.springframework.boot.jdbc.XADataSourceWrapper; SearchStrategy: all) did not find any beans of type org.springframework.boot.jdbc.XADataSourceWrapper (OnBeanCondition)
      Matched:
         - @ConditionalOnClass found required classes 'javax.sql.DataSource', 'jakarta.transaction.TransactionManager', 'org.springframework.jdbc.datasource.embedded.EmbeddedDatabaseType' (OnClassCondition)

   ZipkinAutoConfiguration:
      Did not match:
         - @ConditionalOnClass did not find required class 'zipkin2.reporter.Encoding' (OnClassCondition)


Exclusions:
-----------

    None


Unconditional classes:
----------------------

    org.springframework.boot.autoconfigure.context.ConfigurationPropertiesAutoConfiguration

    org.springframework.boot.actuate.autoconfigure.availability.AvailabilityHealthContributorAutoConfiguration

    org.springframework.boot.autoconfigure.ssl.SslAutoConfiguration

    org.springframework.boot.actuate.autoconfigure.info.InfoContributorAutoConfiguration

    org.springframework.boot.autoconfigure.context.PropertyPlaceholderAutoConfiguration

    org.springframework.boot.autoconfigure.context.LifecycleAutoConfiguration

    org.springframework.boot.actuate.autoconfigure.metrics.integration.IntegrationMetricsAutoConfiguration

    org.springframework.boot.actuate.autoconfigure.endpoint.EndpointAutoConfiguration

    org.springframework.boot.actuate.autoconfigure.web.server.ManagementContextAutoConfiguration

    org.springframework.boot.actuate.autoconfigure.health.HealthContributorAutoConfiguration

    org.springframework.boot.actuate.autoconfigure.endpoint.jackson.JacksonEndpointAutoConfiguration

    org.springframework.boot.autoconfigure.availability.ApplicationAvailabilityAutoConfiguration

    org.springframework.boot.autoconfigure.info.ProjectInfoAutoConfiguration



2024-12-13T17:16:22.252-03:00  INFO 23116 --- [maestro] [           main] c.m.maestro.MaestroApplication           : Started MaestroApplication in 2.156 seconds (process running for 23.478)
2024-12-13T17:16:22.256-03:00 DEBUG 23116 --- [maestro] [           main] o.s.b.a.ApplicationAvailabilityBean      : Application availability state LivenessState changed to CORRECT
2024-12-13T17:16:22.257-03:00 DEBUG 23116 --- [maestro] [           main] o.s.b.a.ApplicationAvailabilityBean      : Application availability state ReadinessState changed to ACCEPTING_TRAFFIC
2024-12-13T17:16:22.352-03:00 DEBUG 23116 --- [maestro] [           main] org.springframework.test.context.cache   : Spring test ApplicationContext cache statistics: [DefaultContextCache@3af9164b size = 2, maxSize = 32, parentContextCount = 0, hitCount = 136, missCount = 2, failureCount = 0]
2024-12-13T17:16:22.353-03:00 DEBUG 23116 --- [maestro] [           main] org.springframework.test.context.cache   : Spring test ApplicationContext cache statistics: [DefaultContextCache@3af9164b size = 2, maxSize = 32, parentContextCount = 0, hitCount = 137, missCount = 2, failureCount = 0]
2024-12-13T17:16:22.353-03:00 DEBUG 23116 --- [maestro] [           main] org.springframework.test.context.cache   : Spring test ApplicationContext cache statistics: [DefaultContextCache@3af9164b size = 2, maxSize = 32, parentContextCount = 0, hitCount = 138, missCount = 2, failureCount = 0]
2024-12-13T17:16:22.353-03:00 DEBUG 23116 --- [maestro] [           main] org.springframework.test.context.cache   : Spring test ApplicationContext cache statistics: [DefaultContextCache@3af9164b size = 2, maxSize = 32, parentContextCount = 0, hitCount = 139, missCount = 2, failureCount = 0]
2024-12-13T17:16:22.353-03:00 DEBUG 23116 --- [maestro] [           main] org.springframework.test.context.cache   : Spring test ApplicationContext cache statistics: [DefaultContextCache@3af9164b size = 2, maxSize = 32, parentContextCount = 0, hitCount = 140, missCount = 2, failureCount = 0]
2024-12-13T17:16:22.354-03:00 DEBUG 23116 --- [maestro] [           main] org.springframework.test.context.cache   : Spring test ApplicationContext cache statistics: [DefaultContextCache@3af9164b size = 2, maxSize = 32, parentContextCount = 0, hitCount = 141, missCount = 2, failureCount = 0]
2024-12-13T17:16:22.354-03:00 DEBUG 23116 --- [maestro] [           main] org.springframework.test.context.cache   : Spring test ApplicationContext cache statistics: [DefaultContextCache@3af9164b size = 2, maxSize = 32, parentContextCount = 0, hitCount = 142, missCount = 2, failureCount = 0]
2024-12-13T17:16:22.355-03:00 DEBUG 23116 --- [maestro] [           main] .c.s.DirtiesContextTestExecutionListener : After test method: class [MaestroApplicationTests], method [applicationStarts], class annotated with @DirtiesContext [false] with mode [null], method annotated with @DirtiesContext [false] with mode [null]
2024-12-13T17:16:22.355-03:00 DEBUG 23116 --- [maestro] [           main] o.s.t.c.w.ServletTestExecutionListener   : Resetting RequestContextHolder for test class com.microproductos.maestro.MaestroApplicationTests
]]></system-out>
  </testcase>
  <testcase name="contextLoads" classname="com.microproductos.maestro.MaestroApplicationTests" time="0.005">
    <system-out><![CDATA[2024-12-13T17:16:22.356-03:00 DEBUG 23116 --- [maestro] [           main] org.springframework.test.context.cache   : Spring test ApplicationContext cache statistics: [DefaultContextCache@3af9164b size = 2, maxSize = 32, parentContextCount = 0, hitCount = 143, missCount = 2, failureCount = 0]
2024-12-13T17:16:22.356-03:00 DEBUG 23116 --- [maestro] [           main] o.s.t.c.w.ServletTestExecutionListener   : Setting up MockHttpServletRequest, MockHttpServletResponse, ServletWebRequest, and RequestContextHolder for test class com.microproductos.maestro.MaestroApplicationTests
2024-12-13T17:16:22.356-03:00 DEBUG 23116 --- [maestro] [           main] DependencyInjectionTestExecutionListener : Performing dependency injection for test class com.microproductos.maestro.MaestroApplicationTests
2024-12-13T17:16:22.356-03:00 DEBUG 23116 --- [maestro] [           main] org.springframework.test.context.cache   : Spring test ApplicationContext cache statistics: [DefaultContextCache@3af9164b size = 2, maxSize = 32, parentContextCount = 0, hitCount = 144, missCount = 2, failureCount = 0]
2024-12-13T17:16:22.356-03:00 DEBUG 23116 --- [maestro] [           main] org.springframework.test.context.cache   : Spring test ApplicationContext cache statistics: [DefaultContextCache@3af9164b size = 2, maxSize = 32, parentContextCount = 0, hitCount = 145, missCount = 2, failureCount = 0]
2024-12-13T17:16:22.357-03:00 DEBUG 23116 --- [maestro] [           main] sContextBeforeModesTestExecutionListener : Before test method: class [MaestroApplicationTests], method [contextLoads], class annotated with @DirtiesContext [false] with mode [null], method annotated with @DirtiesContext [false] with mode [null]
2024-12-13T17:16:22.357-03:00 DEBUG 23116 --- [maestro] [           main] org.springframework.test.context.cache   : Spring test ApplicationContext cache statistics: [DefaultContextCache@3af9164b size = 2, maxSize = 32, parentContextCount = 0, hitCount = 146, missCount = 2, failureCount = 0]
2024-12-13T17:16:22.358-03:00 DEBUG 23116 --- [maestro] [           main] org.springframework.test.context.cache   : Spring test ApplicationContext cache statistics: [DefaultContextCache@3af9164b size = 2, maxSize = 32, parentContextCount = 0, hitCount = 147, missCount = 2, failureCount = 0]
2024-12-13T17:16:22.359-03:00 DEBUG 23116 --- [maestro] [           main] org.springframework.test.context.cache   : Spring test ApplicationContext cache statistics: [DefaultContextCache@3af9164b size = 2, maxSize = 32, parentContextCount = 0, hitCount = 148, missCount = 2, failureCount = 0]
2024-12-13T17:16:22.359-03:00 DEBUG 23116 --- [maestro] [           main] org.springframework.test.context.cache   : Spring test ApplicationContext cache statistics: [DefaultContextCache@3af9164b size = 2, maxSize = 32, parentContextCount = 0, hitCount = 149, missCount = 2, failureCount = 0]
2024-12-13T17:16:22.359-03:00 DEBUG 23116 --- [maestro] [           main] org.springframework.test.context.cache   : Spring test ApplicationContext cache statistics: [DefaultContextCache@3af9164b size = 2, maxSize = 32, parentContextCount = 0, hitCount = 150, missCount = 2, failureCount = 0]
2024-12-13T17:16:22.360-03:00 DEBUG 23116 --- [maestro] [           main] org.springframework.test.context.cache   : Spring test ApplicationContext cache statistics: [DefaultContextCache@3af9164b size = 2, maxSize = 32, parentContextCount = 0, hitCount = 151, missCount = 2, failureCount = 0]
2024-12-13T17:16:22.360-03:00 DEBUG 23116 --- [maestro] [           main] org.springframework.test.context.cache   : Spring test ApplicationContext cache statistics: [DefaultContextCache@3af9164b size = 2, maxSize = 32, parentContextCount = 0, hitCount = 152, missCount = 2, failureCount = 0]
2024-12-13T17:16:22.360-03:00 DEBUG 23116 --- [maestro] [           main] org.springframework.test.context.cache   : Spring test ApplicationContext cache statistics: [DefaultContextCache@3af9164b size = 2, maxSize = 32, parentContextCount = 0, hitCount = 153, missCount = 2, failureCount = 0]
2024-12-13T17:16:22.362-03:00 DEBUG 23116 --- [maestro] [           main] org.springframework.test.context.cache   : Spring test ApplicationContext cache statistics: [DefaultContextCache@3af9164b size = 2, maxSize = 32, parentContextCount = 0, hitCount = 154, missCount = 2, failureCount = 0]
2024-12-13T17:16:22.362-03:00 DEBUG 23116 --- [maestro] [           main] org.springframework.test.context.cache   : Spring test ApplicationContext cache statistics: [DefaultContextCache@3af9164b size = 2, maxSize = 32, parentContextCount = 0, hitCount = 155, missCount = 2, failureCount = 0]
2024-12-13T17:16:22.362-03:00 DEBUG 23116 --- [maestro] [           main] .c.s.DirtiesContextTestExecutionListener : After test method: class [MaestroApplicationTests], method [contextLoads], class annotated with @DirtiesContext [false] with mode [null], method annotated with @DirtiesContext [false] with mode [null]
2024-12-13T17:16:22.362-03:00 DEBUG 23116 --- [maestro] [           main] o.s.t.c.w.ServletTestExecutionListener   : Resetting RequestContextHolder for test class com.microproductos.maestro.MaestroApplicationTests
]]></system-out>
  </testcase>
</testsuite>