<?xml version="1.0" encoding="UTF-8"?>
<testsuite xmlns:xsi="http://www.w3.org/2001/XMLSchema-instance" xsi:noNamespaceSchemaLocation="https://maven.apache.org/surefire/maven-surefire-plugin/xsd/surefire-test-report-3.0.xsd" version="3.0" name="com.microproductos.maestro.model.ProductoTest" time="0.095" tests="4" errors="0" skipped="0" failures="0">
  <properties>
[...]
</properties>
  <testcase name="testProductoPrecioNegativo" classname="com.microproductos.maestro.model.ProductoTest" time="0.047">
    <system-out><![CDATA[2024-12-13T17:16:22.367-03:00 DEBUG 23116 --- [maestro] [           main] o.h.v.i.xml.config.ValidationXmlParser   : Trying to load META-INF/validation.xml for XML based Validator configuration.
2024-12-13T17:16:22.367-03:00 DEBUG 23116 --- [maestro] [           main] o.h.v.i.xml.config.ResourceLoaderHelper  : Trying to load META-INF/validation.xml via TCCL
2024-12-13T17:16:22.368-03:00 DEBUG 23116 --- [maestro] [           main] o.h.v.i.xml.config.ResourceLoaderHelper  : Trying to load META-INF/validation.xml via Hibernate Validator's class loader
2024-12-13T17:16:22.368-03:00 DEBUG 23116 --- [maestro] [           main] o.h.v.i.xml.config.ValidationXmlParser   : No META-INF/validation.xml found. Using annotation based configuration only.
2024-12-13T17:16:22.368-03:00 DEBUG 23116 --- [maestro] [           main] o.h.v.i.e.resolver.TraversableResolvers  : Found jakarta.persistence.Persistence on classpath containing 'getPersistenceUtil'. Assuming JPA 2 environment. Trying to instantiate JPA aware TraversableResolver
2024-12-13T17:16:22.368-03:00 DEBUG 23116 --- [maestro] [           main] o.h.v.i.e.resolver.TraversableResolvers  : Instantiated JPA aware TraversableResolver of type org.hibernate.validator.internal.engine.resolver.JPATraversableResolver.
2024-12-13T17:16:22.369-03:00 DEBUG 23116 --- [maestro] [           main] .h.v.m.ResourceBundleMessageInterpolator : Loaded expression factory via original TCCL
2024-12-13T17:16:22.374-03:00 DEBUG 23116 --- [maestro] [           main] .i.e.ValidatorFactoryConfigurationHelper : HV000252: Using org.hibernate.validator.internal.engine.DefaultPropertyNodeNameProvider as property node name provider.
2024-12-13T17:16:22.374-03:00 DEBUG 23116 --- [maestro] [           main] .i.e.ValidatorFactoryConfigurationHelper : HV000234: Using org.hibernate.validator.messageinterpolation.ResourceBundleMessageInterpolator as ValidatorFactory-scoped message interpolator.
2024-12-13T17:16:22.375-03:00 DEBUG 23116 --- [maestro] [           main] .i.e.ValidatorFactoryConfigurationHelper : HV000234: Using org.hibernate.validator.internal.engine.resolver.JPATraversableResolver as ValidatorFactory-scoped traversable resolver.
2024-12-13T17:16:22.375-03:00 DEBUG 23116 --- [maestro] [           main] .i.e.ValidatorFactoryConfigurationHelper : HV000234: Using org.hibernate.validator.internal.util.ExecutableParameterNameProvider as ValidatorFactory-scoped parameter name provider.
2024-12-13T17:16:22.375-03:00 DEBUG 23116 --- [maestro] [           main] .i.e.ValidatorFactoryConfigurationHelper : HV000234: Using org.hibernate.validator.internal.engine.DefaultClockProvider as ValidatorFactory-scoped clock provider.
2024-12-13T17:16:22.375-03:00 DEBUG 23116 --- [maestro] [           main] .i.e.ValidatorFactoryConfigurationHelper : HV000234: Using org.hibernate.validator.internal.engine.scripting.DefaultScriptEvaluatorFactory as ValidatorFactory-scoped script evaluator factory.
]]></system-out>
  </testcase>
  <testcase name="testProductoValido" classname="com.microproductos.maestro.model.ProductoTest" time="0.019">
    <system-out><![CDATA[2024-12-13T17:16:22.416-03:00 DEBUG 23116 --- [maestro] [           main] o.h.v.i.xml.config.ValidationXmlParser   : Trying to load META-INF/validation.xml for XML based Validator configuration.
2024-12-13T17:16:22.416-03:00 DEBUG 23116 --- [maestro] [           main] o.h.v.i.xml.config.ResourceLoaderHelper  : Trying to load META-INF/validation.xml via TCCL
2024-12-13T17:16:22.418-03:00 DEBUG 23116 --- [maestro] [           main] o.h.v.i.xml.config.ResourceLoaderHelper  : Trying to load META-INF/validation.xml via Hibernate Validator's class loader
2024-12-13T17:16:22.418-03:00 DEBUG 23116 --- [maestro] [           main] o.h.v.i.xml.config.ValidationXmlParser   : No META-INF/validation.xml found. Using annotation based configuration only.
2024-12-13T17:16:22.419-03:00 DEBUG 23116 --- [maestro] [           main] o.h.v.i.e.resolver.TraversableResolvers  : Found jakarta.persistence.Persistence on classpath containing 'getPersistenceUtil'. Assuming JPA 2 environment. Trying to instantiate JPA aware TraversableResolver
2024-12-13T17:16:22.419-03:00 DEBUG 23116 --- [maestro] [           main] o.h.v.i.e.resolver.TraversableResolvers  : Instantiated JPA aware TraversableResolver of type org.hibernate.validator.internal.engine.resolver.JPATraversableResolver.
2024-12-13T17:16:22.420-03:00 DEBUG 23116 --- [maestro] [           main] .h.v.m.ResourceBundleMessageInterpolator : Loaded expression factory via original TCCL
2024-12-13T17:16:22.424-03:00 DEBUG 23116 --- [maestro] [           main] .i.e.ValidatorFactoryConfigurationHelper : HV000252: Using org.hibernate.validator.internal.engine.DefaultPropertyNodeNameProvider as property node name provider.
2024-12-13T17:16:22.424-03:00 DEBUG 23116 --- [maestro] [           main] .i.e.ValidatorFactoryConfigurationHelper : HV000234: Using org.hibernate.validator.messageinterpolation.ResourceBundleMessageInterpolator as ValidatorFactory-scoped message interpolator.
2024-12-13T17:16:22.424-03:00 DEBUG 23116 --- [maestro] [           main] .i.e.ValidatorFactoryConfigurationHelper : HV000234: Using org.hibernate.validator.internal.engine.resolver.JPATraversableResolver as ValidatorFactory-scoped traversable resolver.
2024-12-13T17:16:22.425-03:00 DEBUG 23116 --- [maestro] [           main] .i.e.ValidatorFactoryConfigurationHelper : HV000234: Using org.hibernate.validator.internal.util.ExecutableParameterNameProvider as ValidatorFactory-scoped parameter name provider.
2024-12-13T17:16:22.425-03:00 DEBUG 23116 --- [maestro] [           main] .i.e.ValidatorFactoryConfigurationHelper : HV000234: Using org.hibernate.validator.internal.engine.DefaultClockProvider as ValidatorFactory-scoped clock provider.
2024-12-13T17:16:22.425-03:00 DEBUG 23116 --- [maestro] [           main] .i.e.ValidatorFactoryConfigurationHelper : HV000234: Using org.hibernate.validator.internal.engine.scripting.DefaultScriptEvaluatorFactory as ValidatorFactory-scoped script evaluator factory.
]]></system-out>
  </testcase>
  <testcase name="testProductoNombreNulo" classname="com.microproductos.maestro.model.ProductoTest" time="0.011">
    <system-out><![CDATA[2024-12-13T17:16:22.436-03:00 DEBUG 23116 --- [maestro] [           main] o.h.v.i.xml.config.ValidationXmlParser   : Trying to load META-INF/validation.xml for XML based Validator configuration.
2024-12-13T17:16:22.436-03:00 DEBUG 23116 --- [maestro] [           main] o.h.v.i.xml.config.ResourceLoaderHelper  : Trying to load META-INF/validation.xml via TCCL
2024-12-13T17:16:22.436-03:00 DEBUG 23116 --- [maestro] [           main] o.h.v.i.xml.config.ResourceLoaderHelper  : Trying to load META-INF/validation.xml via Hibernate Validator's class loader
2024-12-13T17:16:22.436-03:00 DEBUG 23116 --- [maestro] [           main] o.h.v.i.xml.config.ValidationXmlParser   : No META-INF/validation.xml found. Using annotation based configuration only.
2024-12-13T17:16:22.436-03:00 DEBUG 23116 --- [maestro] [           main] o.h.v.i.e.resolver.TraversableResolvers  : Found jakarta.persistence.Persistence on classpath containing 'getPersistenceUtil'. Assuming JPA 2 environment. Trying to instantiate JPA aware TraversableResolver
2024-12-13T17:16:22.436-03:00 DEBUG 23116 --- [maestro] [           main] o.h.v.i.e.resolver.TraversableResolvers  : Instantiated JPA aware TraversableResolver of type org.hibernate.validator.internal.engine.resolver.JPATraversableResolver.
2024-12-13T17:16:22.437-03:00 DEBUG 23116 --- [maestro] [           main] .h.v.m.ResourceBundleMessageInterpolator : Loaded expression factory via original TCCL
2024-12-13T17:16:22.438-03:00 DEBUG 23116 --- [maestro] [           main] .i.e.ValidatorFactoryConfigurationHelper : HV000252: Using org.hibernate.validator.internal.engine.DefaultPropertyNodeNameProvider as property node name provider.
2024-12-13T17:16:22.441-03:00 DEBUG 23116 --- [maestro] [           main] .i.e.ValidatorFactoryConfigurationHelper : HV000234: Using org.hibernate.validator.messageinterpolation.ResourceBundleMessageInterpolator as ValidatorFactory-scoped message interpolator.
2024-12-13T17:16:22.441-03:00 DEBUG 23116 --- [maestro] [           main] .i.e.ValidatorFactoryConfigurationHelper : HV000234: Using org.hibernate.validator.internal.engine.resolver.JPATraversableResolver as ValidatorFactory-scoped traversable resolver.
2024-12-13T17:16:22.441-03:00 DEBUG 23116 --- [maestro] [           main] .i.e.ValidatorFactoryConfigurationHelper : HV000234: Using org.hibernate.validator.internal.util.ExecutableParameterNameProvider as ValidatorFactory-scoped parameter name provider.
2024-12-13T17:16:22.441-03:00 DEBUG 23116 --- [maestro] [           main] .i.e.ValidatorFactoryConfigurationHelper : HV000234: Using org.hibernate.validator.internal.engine.DefaultClockProvider as ValidatorFactory-scoped clock provider.
2024-12-13T17:16:22.441-03:00 DEBUG 23116 --- [maestro] [           main] .i.e.ValidatorFactoryConfigurationHelper : HV000234: Using org.hibernate.validator.internal.engine.scripting.DefaultScriptEvaluatorFactory as ValidatorFactory-scoped script evaluator factory.
]]></system-out>
  </testcase>
  <testcase name="testProductoImagenNula" classname="com.microproductos.maestro.model.ProductoTest" time="0.015">
    <system-out><![CDATA[2024-12-13T17:16:22.447-03:00 DEBUG 23116 --- [maestro] [           main] o.h.v.i.xml.config.ValidationXmlParser   : Trying to load META-INF/validation.xml for XML based Validator configuration.
2024-12-13T17:16:22.447-03:00 DEBUG 23116 --- [maestro] [           main] o.h.v.i.xml.config.ResourceLoaderHelper  : Trying to load META-INF/validation.xml via TCCL
2024-12-13T17:16:22.448-03:00 DEBUG 23116 --- [maestro] [           main] o.h.v.i.xml.config.ResourceLoaderHelper  : Trying to load META-INF/validation.xml via Hibernate Validator's class loader
2024-12-13T17:16:22.448-03:00 DEBUG 23116 --- [maestro] [           main] o.h.v.i.xml.config.ValidationXmlParser   : No META-INF/validation.xml found. Using annotation based configuration only.
2024-12-13T17:16:22.448-03:00 DEBUG 23116 --- [maestro] [           main] o.h.v.i.e.resolver.TraversableResolvers  : Found jakarta.persistence.Persistence on classpath containing 'getPersistenceUtil'. Assuming JPA 2 environment. Trying to instantiate JPA aware TraversableResolver
2024-12-13T17:16:22.448-03:00 DEBUG 23116 --- [maestro] [           main] o.h.v.i.e.resolver.TraversableResolvers  : Instantiated JPA aware TraversableResolver of type org.hibernate.validator.internal.engine.resolver.JPATraversableResolver.
2024-12-13T17:16:22.448-03:00 DEBUG 23116 --- [maestro] [           main] .h.v.m.ResourceBundleMessageInterpolator : Loaded expression factory via original TCCL
2024-12-13T17:16:22.450-03:00 DEBUG 23116 --- [maestro] [           main] .i.e.ValidatorFactoryConfigurationHelper : HV000252: Using org.hibernate.validator.internal.engine.DefaultPropertyNodeNameProvider as property node name provider.
2024-12-13T17:16:22.450-03:00 DEBUG 23116 --- [maestro] [           main] .i.e.ValidatorFactoryConfigurationHelper : HV000234: Using org.hibernate.validator.messageinterpolation.ResourceBundleMessageInterpolator as ValidatorFactory-scoped message interpolator.
2024-12-13T17:16:22.451-03:00 DEBUG 23116 --- [maestro] [           main] .i.e.ValidatorFactoryConfigurationHelper : HV000234: Using org.hibernate.validator.internal.engine.resolver.JPATraversableResolver as ValidatorFactory-scoped traversable resolver.
2024-12-13T17:16:22.452-03:00 DEBUG 23116 --- [maestro] [           main] .i.e.ValidatorFactoryConfigurationHelper : HV000234: Using org.hibernate.validator.internal.util.ExecutableParameterNameProvider as ValidatorFactory-scoped parameter name provider.
2024-12-13T17:16:22.452-03:00 DEBUG 23116 --- [maestro] [           main] .i.e.ValidatorFactoryConfigurationHelper : HV000234: Using org.hibernate.validator.internal.engine.DefaultClockProvider as ValidatorFactory-scoped clock provider.
2024-12-13T17:16:22.452-03:00 DEBUG 23116 --- [maestro] [           main] .i.e.ValidatorFactoryConfigurationHelper : HV000234: Using org.hibernate.validator.internal.engine.scripting.DefaultScriptEvaluatorFactory as ValidatorFactory-scoped script evaluator factory.
]]></system-out>
  </testcase>
</testsuite>