<?xml version="1.0" encoding="UTF-8"?>
<testsuite xmlns:xsi="http://www.w3.org/2001/XMLSchema-instance" xsi:noNamespaceSchemaLocation="https://maven.apache.org/surefire/maven-surefire-plugin/xsd/surefire-test-report-3.0.xsd" version="3.0" name="com.microproductos.maestro.exception.GlobalExceptionHandlerTest" time="0.131" tests="2" errors="0" skipped="0" failures="0">
  <properties>
[...]
</properties>
  <testcase name="testHandleValidationExceptions" classname="com.microproductos.maestro.exception.GlobalExceptionHandlerTest" time="0.06">
    <system-out><![CDATA[2024-12-13T17:16:17.533-03:00 DEBUG 23116 --- [maestro] [           main] .b.t.c.SpringBootTestContextBootstrapper : Neither @ContextConfiguration nor @ContextHierarchy found for test class [GlobalExceptionHandlerTest]: using SpringBootContextLoader
2024-12-13T17:16:17.535-03:00 DEBUG 23116 --- [maestro] [           main] o.s.t.c.support.AbstractContextLoader    : Could not detect default resource locations for test class [com.microproductos.maestro.exception.GlobalExceptionHandlerTest]: no resource found for suffixes {-context.xml, Context.groovy}.
2024-12-13T17:16:17.535-03:00  INFO 23116 --- [maestro] [           main] t.c.s.AnnotationConfigContextLoaderUtils : Could not detect default configuration classes for test class [com.microproductos.maestro.exception.GlobalExceptionHandlerTest]: GlobalExceptionHandlerTest does not declare any static, non-private, non-final, nested classes annotated with @Configuration.
2024-12-13T17:16:17.536-03:00 DEBUG 23116 --- [maestro] [           main] .b.t.c.SpringBootTestContextBootstrapper : Using ContextCustomizerFactory implementations for test class [GlobalExceptionHandlerTest]: [ImportsContextCustomizerFactory, ExcludeFilterContextCustomizerFactory, HttpGraphQlTesterContextCustomizerFactory, DuplicateJsonObjectContextCustomizerFactory, MockitoContextCustomizerFactory, TestRestTemplateContextCustomizerFactory, WebTestClientContextCustomizerFactory, DisableReactorResourceFactoryGlobalResourcesContextCustomizerFactory, OnFailureConditionReportContextCustomizerFactory, OverrideAutoConfigurationContextCustomizerFactory, ObservabilityContextCustomizerFactory, TypeExcludeFiltersContextCustomizerFactory, PropertyMappingContextCustomizerFactory, WebDriverContextCustomizerFactory, MockServerContainerContextCustomizerFactory, DynamicPropertiesContextCustomizerFactory]
2024-12-13T17:16:17.538-03:00 DEBUG 23116 --- [maestro] [           main] .b.t.c.SpringBootTestContextBootstrapper : Using ContextCustomizers for test class [GlobalExceptionHandlerTest]: [ExcludeFilterContextCustomizer, DuplicateJsonObjectContextCustomizer, MockitoContextCustomizer, TestRestTemplateContextCustomizer, DisableReactorResourceFactoryGlobalResourcesContextCustomizerCustomizer, OnFailureConditionReportContextCustomizer, DisableObservabilityContextCustomizer, PropertyMappingContextCustomizer, WebDriverContextCustomizer]
2024-12-13T17:16:17.557-03:00 DEBUG 23116 --- [maestro] [           main] ssPathScanningCandidateComponentProvider : Identified candidate component class: file [C:\sonar\maestro\target\classes\com\microproductos\maestro\MaestroApplication.class]
2024-12-13T17:16:17.557-03:00  INFO 23116 --- [maestro] [           main] .b.t.c.SpringBootTestContextBootstrapper : Found @SpringBootConfiguration com.microproductos.maestro.MaestroApplication for test class com.microproductos.maestro.exception.GlobalExceptionHandlerTest
2024-12-13T17:16:17.559-03:00 DEBUG 23116 --- [maestro] [           main] .s.t.c.u.TestContextSpringFactoriesUtils : Skipping candidate TestExecutionListener [org.springframework.test.context.observation.MicrometerObservationRegistryTestExecutionListener] due to a missing dependency. Specify custom TestExecutionListener classes or make the default TestExecutionListener classes and their required dependencies available. Offending class: io.micrometer.context.ThreadLocalAccessor. MicrometerObservationRegistryTestExecutionListener requires io.micrometer:micrometer-observation:1.10.8 or higher and io.micrometer:context-propagation:1.0.3 or higher.
2024-12-13T17:16:17.560-03:00 DEBUG 23116 --- [maestro] [           main] .b.t.c.SpringBootTestContextBootstrapper : Using TestExecutionListeners for test class [GlobalExceptionHandlerTest]: [ServletTestExecutionListener, DirtiesContextBeforeModesTestExecutionListener, ApplicationEventsTestExecutionListener, MockitoTestExecutionListener, DependencyInjectionTestExecutionListener, DirtiesContextTestExecutionListener, TransactionalTestExecutionListener, SqlScriptsTestExecutionListener, EventPublishingTestExecutionListener, WithSecurityContextTestExecutionListener, ReactorContextTestExecutionListener, ResetMocksTestExecutionListener, RestDocsTestExecutionListener, MockRestServiceServerResetTestExecutionListener, MockMvcPrintOnlyOnFailureTestExecutionListener, WebDriverTestExecutionListener, MockWebServiceServerTestExecutionListener]
2024-12-13T17:16:17.560-03:00 DEBUG 23116 --- [maestro] [           main] sContextBeforeModesTestExecutionListener : Before test class: class [GlobalExceptionHandlerTest], class annotated with @DirtiesContext [false] with mode [null]
2024-12-13T17:16:17.565-03:00 DEBUG 23116 --- [maestro] [           main] org.springframework.test.context.cache   : Spring test ApplicationContext cache statistics: [DefaultContextCache@3af9164b size = 1, maxSize = 32, parentContextCount = 0, hitCount = 85, missCount = 1, failureCount = 0]
2024-12-13T17:16:17.570-03:00 DEBUG 23116 --- [maestro] [           main] org.springframework.test.context.cache   : Spring test ApplicationContext cache statistics: [DefaultContextCache@3af9164b size = 1, maxSize = 32, parentContextCount = 0, hitCount = 86, missCount = 1, failureCount = 0]
2024-12-13T17:16:17.570-03:00 DEBUG 23116 --- [maestro] [           main] o.s.t.c.w.ServletTestExecutionListener   : Setting up MockHttpServletRequest, MockHttpServletResponse, ServletWebRequest, and RequestContextHolder for test class com.microproductos.maestro.exception.GlobalExceptionHandlerTest
2024-12-13T17:16:17.571-03:00 DEBUG 23116 --- [maestro] [           main] org.springframework.test.context.cache   : Spring test ApplicationContext cache statistics: [DefaultContextCache@3af9164b size = 1, maxSize = 32, parentContextCount = 0, hitCount = 87, missCount = 1, failureCount = 0]
2024-12-13T17:16:17.571-03:00 DEBUG 23116 --- [maestro] [           main] DependencyInjectionTestExecutionListener : Performing dependency injection for test class com.microproductos.maestro.exception.GlobalExceptionHandlerTest
2024-12-13T17:16:17.571-03:00 DEBUG 23116 --- [maestro] [           main] org.springframework.test.context.cache   : Spring test ApplicationContext cache statistics: [DefaultContextCache@3af9164b size = 1, maxSize = 32, parentContextCount = 0, hitCount = 88, missCount = 1, failureCount = 0]
2024-12-13T17:16:17.572-03:00 DEBUG 23116 --- [maestro] [           main] org.springframework.test.context.cache   : Spring test ApplicationContext cache statistics: [DefaultContextCache@3af9164b size = 1, maxSize = 32, parentContextCount = 0, hitCount = 89, missCount = 1, failureCount = 0]
2024-12-13T17:16:17.573-03:00 DEBUG 23116 --- [maestro] [           main] sContextBeforeModesTestExecutionListener : Before test method: class [GlobalExceptionHandlerTest], method [testHandleValidationExceptions], class annotated with @DirtiesContext [false] with mode [null], method annotated with @DirtiesContext [false] with mode [null]
2024-12-13T17:16:17.574-03:00 DEBUG 23116 --- [maestro] [           main] org.springframework.test.context.cache   : Spring test ApplicationContext cache statistics: [DefaultContextCache@3af9164b size = 1, maxSize = 32, parentContextCount = 0, hitCount = 90, missCount = 1, failureCount = 0]
2024-12-13T17:16:17.574-03:00 DEBUG 23116 --- [maestro] [           main] org.springframework.test.context.cache   : Spring test ApplicationContext cache statistics: [DefaultContextCache@3af9164b size = 1, maxSize = 32, parentContextCount = 0, hitCount = 91, missCount = 1, failureCount = 0]
2024-12-13T17:16:17.576-03:00  INFO 23116 --- [maestro] [           main] o.s.b.t.m.w.SpringBootMockServletContext : Initializing Spring TestDispatcherServlet ''
2024-12-13T17:16:17.576-03:00  INFO 23116 --- [maestro] [           main] o.s.t.web.servlet.TestDispatcherServlet  : Initializing Servlet ''
2024-12-13T17:16:17.576-03:00 DEBUG 23116 --- [maestro] [           main] o.s.t.web.servlet.TestDispatcherServlet  : Detected StandardServletMultipartResolver
2024-12-13T17:16:17.577-03:00 DEBUG 23116 --- [maestro] [           main] o.s.t.web.servlet.TestDispatcherServlet  : Detected AcceptHeaderLocaleResolver
2024-12-13T17:16:17.577-03:00 DEBUG 23116 --- [maestro] [           main] o.s.t.web.servlet.TestDispatcherServlet  : Detected FixedThemeResolver
2024-12-13T17:16:17.578-03:00 DEBUG 23116 --- [maestro] [           main] o.s.t.web.servlet.TestDispatcherServlet  : Detected org.springframework.web.servlet.view.DefaultRequestToViewNameTranslator@70eede42
2024-12-13T17:16:17.578-03:00 DEBUG 23116 --- [maestro] [           main] o.s.t.web.servlet.TestDispatcherServlet  : Detected org.springframework.web.servlet.support.SessionFlashMapManager@54fad1d9
2024-12-13T17:16:17.578-03:00 DEBUG 23116 --- [maestro] [           main] o.s.t.web.servlet.TestDispatcherServlet  : enableLoggingRequestDetails='false': request parameters and headers will be masked to prevent unsafe logging of potentially sensitive data
2024-12-13T17:16:17.579-03:00  INFO 23116 --- [maestro] [           main] o.s.t.web.servlet.TestDispatcherServlet  : Completed initialization in 3 ms
2024-12-13T17:16:17.579-03:00 DEBUG 23116 --- [maestro] [           main] org.springframework.test.context.cache   : Spring test ApplicationContext cache statistics: [DefaultContextCache@3af9164b size = 1, maxSize = 32, parentContextCount = 0, hitCount = 92, missCount = 1, failureCount = 0]
2024-12-13T17:16:17.580-03:00 DEBUG 23116 --- [maestro] [           main] o.s.t.web.servlet.TestDispatcherServlet  : POST "/api/productos", parameters={}
2024-12-13T17:16:17.580-03:00 DEBUG 23116 --- [maestro] [           main] s.w.s.m.m.a.RequestMappingHandlerMapping : Mapped to com.microproductos.maestro.controller.ProductoController#crearProducto(Producto)
2024-12-13T17:16:17.581-03:00 DEBUG 23116 --- [maestro] [           main] o.j.s.OpenEntityManagerInViewInterceptor : Opening JPA EntityManager in OpenEntityManagerInViewInterceptor
2024-12-13T17:16:17.583-03:00 DEBUG 23116 --- [maestro] [           main] m.m.a.RequestResponseBodyMethodProcessor : Read "application/json" to [com.microproductos.maestro.model.Producto@63f54914]
2024-12-13T17:16:17.606-03:00 DEBUG 23116 --- [maestro] [           main] .m.m.a.ExceptionHandlerExceptionResolver : Using @ExceptionHandler com.microproductos.maestro.exception.GlobalExceptionHandler#handleValidationExceptions(MethodArgumentNotValidException)
2024-12-13T17:16:17.618-03:00 DEBUG 23116 --- [maestro] [           main] o.s.w.s.m.m.a.HttpEntityMethodProcessor  : Using 'application/json', given [*/*] and supported [application/json, application/*+json]
2024-12-13T17:16:17.618-03:00 DEBUG 23116 --- [maestro] [           main] o.s.w.s.m.m.a.HttpEntityMethodProcessor  : Writing [{image=La imagen debe ser un path válido, precio=El precio no puede ser negativo, nombre=El nombre d (truncated)...]
2024-12-13T17:16:17.625-03:00 DEBUG 23116 --- [maestro] [           main] .m.m.a.ExceptionHandlerExceptionResolver : Resolved [org.springframework.web.bind.MethodArgumentNotValidException: Validation failed for argument [0] in public org.springframework.http.ResponseEntity<com.microproductos.maestro.model.Producto> com.microproductos.maestro.controller.ProductoController.crearProducto(com.microproductos.maestro.model.Producto) with 3 errors: [Field error in object 'producto' on field 'image': rejected value []; codes [Size.producto.image,Size.image,Size.java.lang.String,Size]; arguments [org.springframework.context.support.DefaultMessageSourceResolvable: codes [producto.image,image]; arguments []; default message [image],2147483647,1]; default message [La imagen debe ser un path válido]] [Field error in object 'producto' on field 'precio': rejected value [-100.0]; codes [Min.producto.precio,Min.precio,Min.double,Min]; arguments [org.springframework.context.support.DefaultMessageSourceResolvable: codes [producto.precio,precio]; arguments []; default message [precio],0]; default message [El precio no puede ser negativo]] [Field error in object 'producto' on field 'nombre': rejected value []; codes [Size.producto.nombre,Size.nombre,Size.java.lang.String,Size]; arguments [org.springframework.context.support.DefaultMessageSourceResolvable: codes [producto.nombre,nombre]; arguments []; default message [nombre],100,1]; default message [El nombre debe tener entre 1 y 100 caracteres]] ]
2024-12-13T17:16:17.625-03:00 DEBUG 23116 --- [maestro] [           main] o.j.s.OpenEntityManagerInViewInterceptor : Closing JPA EntityManager in OpenEntityManagerInViewInterceptor
2024-12-13T17:16:17.625-03:00 DEBUG 23116 --- [maestro] [           main] o.s.t.web.servlet.TestDispatcherServlet  : Completed 400 BAD_REQUEST
2024-12-13T17:16:17.626-03:00 DEBUG 23116 --- [maestro] [           main] org.springframework.test.context.cache   : Spring test ApplicationContext cache statistics: [DefaultContextCache@3af9164b size = 1, maxSize = 32, parentContextCount = 0, hitCount = 93, missCount = 1, failureCount = 0]
2024-12-13T17:16:17.626-03:00 DEBUG 23116 --- [maestro] [           main] org.springframework.test.context.cache   : Spring test ApplicationContext cache statistics: [DefaultContextCache@3af9164b size = 1, maxSize = 32, parentContextCount = 0, hitCount = 94, missCount = 1, failureCount = 0]
2024-12-13T17:16:17.627-03:00 DEBUG 23116 --- [maestro] [           main] org.springframework.test.context.cache   : Spring test ApplicationContext cache statistics: [DefaultContextCache@3af9164b size = 1, maxSize = 32, parentContextCount = 0, hitCount = 95, missCount = 1, failureCount = 0]
2024-12-13T17:16:17.627-03:00 DEBUG 23116 --- [maestro] [           main] org.springframework.test.context.cache   : Spring test ApplicationContext cache statistics: [DefaultContextCache@3af9164b size = 1, maxSize = 32, parentContextCount = 0, hitCount = 96, missCount = 1, failureCount = 0]
2024-12-13T17:16:17.628-03:00 DEBUG 23116 --- [maestro] [           main] org.springframework.test.context.cache   : Spring test ApplicationContext cache statistics: [DefaultContextCache@3af9164b size = 1, maxSize = 32, parentContextCount = 0, hitCount = 97, missCount = 1, failureCount = 0]
2024-12-13T17:16:17.631-03:00 DEBUG 23116 --- [maestro] [           main] org.springframework.test.context.cache   : Spring test ApplicationContext cache statistics: [DefaultContextCache@3af9164b size = 1, maxSize = 32, parentContextCount = 0, hitCount = 98, missCount = 1, failureCount = 0]
2024-12-13T17:16:17.632-03:00 DEBUG 23116 --- [maestro] [           main] org.springframework.test.context.cache   : Spring test ApplicationContext cache statistics: [DefaultContextCache@3af9164b size = 1, maxSize = 32, parentContextCount = 0, hitCount = 99, missCount = 1, failureCount = 0]
2024-12-13T17:16:17.632-03:00 DEBUG 23116 --- [maestro] [           main] .c.s.DirtiesContextTestExecutionListener : After test method: class [GlobalExceptionHandlerTest], method [testHandleValidationExceptions], class annotated with @DirtiesContext [false] with mode [null], method annotated with @DirtiesContext [false] with mode [null]
2024-12-13T17:16:17.632-03:00 DEBUG 23116 --- [maestro] [           main] o.s.t.c.w.ServletTestExecutionListener   : Resetting RequestContextHolder for test class com.microproductos.maestro.exception.GlobalExceptionHandlerTest
]]></system-out>
  </testcase>
  <testcase name="testHandleResourceNotFoundException" classname="com.microproductos.maestro.exception.GlobalExceptionHandlerTest" time="0.025">
    <system-out><![CDATA[2024-12-13T17:16:17.634-03:00 DEBUG 23116 --- [maestro] [           main] org.springframework.test.context.cache   : Spring test ApplicationContext cache statistics: [DefaultContextCache@3af9164b size = 1, maxSize = 32, parentContextCount = 0, hitCount = 100, missCount = 1, failureCount = 0]
2024-12-13T17:16:17.634-03:00 DEBUG 23116 --- [maestro] [           main] o.s.t.c.w.ServletTestExecutionListener   : Setting up MockHttpServletRequest, MockHttpServletResponse, ServletWebRequest, and RequestContextHolder for test class com.microproductos.maestro.exception.GlobalExceptionHandlerTest
2024-12-13T17:16:17.635-03:00 DEBUG 23116 --- [maestro] [           main] org.springframework.test.context.cache   : Spring test ApplicationContext cache statistics: [DefaultContextCache@3af9164b size = 1, maxSize = 32, parentContextCount = 0, hitCount = 101, missCount = 1, failureCount = 0]
2024-12-13T17:16:17.636-03:00 DEBUG 23116 --- [maestro] [           main] DependencyInjectionTestExecutionListener : Performing dependency injection for test class com.microproductos.maestro.exception.GlobalExceptionHandlerTest
2024-12-13T17:16:17.636-03:00 DEBUG 23116 --- [maestro] [           main] org.springframework.test.context.cache   : Spring test ApplicationContext cache statistics: [DefaultContextCache@3af9164b size = 1, maxSize = 32, parentContextCount = 0, hitCount = 102, missCount = 1, failureCount = 0]
2024-12-13T17:16:17.636-03:00 DEBUG 23116 --- [maestro] [           main] org.springframework.test.context.cache   : Spring test ApplicationContext cache statistics: [DefaultContextCache@3af9164b size = 1, maxSize = 32, parentContextCount = 0, hitCount = 103, missCount = 1, failureCount = 0]
2024-12-13T17:16:17.637-03:00 DEBUG 23116 --- [maestro] [           main] sContextBeforeModesTestExecutionListener : Before test method: class [GlobalExceptionHandlerTest], method [testHandleResourceNotFoundException], class annotated with @DirtiesContext [false] with mode [null], method annotated with @DirtiesContext [false] with mode [null]
2024-12-13T17:16:17.638-03:00 DEBUG 23116 --- [maestro] [           main] org.springframework.test.context.cache   : Spring test ApplicationContext cache statistics: [DefaultContextCache@3af9164b size = 1, maxSize = 32, parentContextCount = 0, hitCount = 104, missCount = 1, failureCount = 0]
2024-12-13T17:16:17.638-03:00 DEBUG 23116 --- [maestro] [           main] org.springframework.test.context.cache   : Spring test ApplicationContext cache statistics: [DefaultContextCache@3af9164b size = 1, maxSize = 32, parentContextCount = 0, hitCount = 105, missCount = 1, failureCount = 0]
2024-12-13T17:16:17.640-03:00  INFO 23116 --- [maestro] [           main] o.s.b.t.m.w.SpringBootMockServletContext : Initializing Spring TestDispatcherServlet ''
2024-12-13T17:16:17.640-03:00  INFO 23116 --- [maestro] [           main] o.s.t.web.servlet.TestDispatcherServlet  : Initializing Servlet ''
2024-12-13T17:16:17.640-03:00 DEBUG 23116 --- [maestro] [           main] o.s.t.web.servlet.TestDispatcherServlet  : Detected StandardServletMultipartResolver
2024-12-13T17:16:17.640-03:00 DEBUG 23116 --- [maestro] [           main] o.s.t.web.servlet.TestDispatcherServlet  : Detected AcceptHeaderLocaleResolver
2024-12-13T17:16:17.640-03:00 DEBUG 23116 --- [maestro] [           main] o.s.t.web.servlet.TestDispatcherServlet  : Detected FixedThemeResolver
2024-12-13T17:16:17.642-03:00 DEBUG 23116 --- [maestro] [           main] o.s.t.web.servlet.TestDispatcherServlet  : Detected org.springframework.web.servlet.view.DefaultRequestToViewNameTranslator@70eede42
2024-12-13T17:16:17.642-03:00 DEBUG 23116 --- [maestro] [           main] o.s.t.web.servlet.TestDispatcherServlet  : Detected org.springframework.web.servlet.support.SessionFlashMapManager@54fad1d9
2024-12-13T17:16:17.642-03:00 DEBUG 23116 --- [maestro] [           main] o.s.t.web.servlet.TestDispatcherServlet  : enableLoggingRequestDetails='false': request parameters and headers will be masked to prevent unsafe logging of potentially sensitive data
2024-12-13T17:16:17.642-03:00  INFO 23116 --- [maestro] [           main] o.s.t.web.servlet.TestDispatcherServlet  : Completed initialization in 2 ms
2024-12-13T17:16:17.643-03:00 DEBUG 23116 --- [maestro] [           main] org.springframework.test.context.cache   : Spring test ApplicationContext cache statistics: [DefaultContextCache@3af9164b size = 1, maxSize = 32, parentContextCount = 0, hitCount = 106, missCount = 1, failureCount = 0]
2024-12-13T17:16:17.644-03:00 DEBUG 23116 --- [maestro] [           main] o.s.t.web.servlet.TestDispatcherServlet  : GET "/api/productos/1", parameters={}
2024-12-13T17:16:17.645-03:00 DEBUG 23116 --- [maestro] [           main] s.w.s.m.m.a.RequestMappingHandlerMapping : Mapped to com.microproductos.maestro.controller.ProductoController#obtenerProducto(Long)
2024-12-13T17:16:17.645-03:00 DEBUG 23116 --- [maestro] [           main] o.j.s.OpenEntityManagerInViewInterceptor : Opening JPA EntityManager in OpenEntityManagerInViewInterceptor
2024-12-13T17:16:17.646-03:00  INFO 23116 --- [maestro] [           main] c.m.m.controller.ProductoController      : GET /productos/1
2024-12-13T17:16:17.647-03:00 DEBUG 23116 --- [maestro] [           main] .m.m.a.ExceptionHandlerExceptionResolver : Using @ExceptionHandler com.microproductos.maestro.exception.GlobalExceptionHandler#handleResourceNotFoundException(ResourceNotFoundException)
2024-12-13T17:16:17.647-03:00 DEBUG 23116 --- [maestro] [           main] o.s.w.s.m.m.a.HttpEntityMethodProcessor  : Using 'text/plain', given [*/*] and supported [text/plain, */*, application/json, application/*+json]
2024-12-13T17:16:17.648-03:00 DEBUG 23116 --- [maestro] [           main] o.s.w.s.m.m.a.HttpEntityMethodProcessor  : Writing ["Producto con ID 1 no encontrado"]
2024-12-13T17:16:17.648-03:00 DEBUG 23116 --- [maestro] [           main] .m.m.a.ExceptionHandlerExceptionResolver : Resolved [com.microproductos.maestro.exception.ResourceNotFoundException: Producto con ID 1 no encontrado]
2024-12-13T17:16:17.649-03:00 DEBUG 23116 --- [maestro] [           main] o.j.s.OpenEntityManagerInViewInterceptor : Closing JPA EntityManager in OpenEntityManagerInViewInterceptor
2024-12-13T17:16:17.649-03:00 DEBUG 23116 --- [maestro] [           main] o.s.t.web.servlet.TestDispatcherServlet  : Completed 404 NOT_FOUND
2024-12-13T17:16:17.658-03:00 DEBUG 23116 --- [maestro] [           main] org.springframework.test.context.cache   : Spring test ApplicationContext cache statistics: [DefaultContextCache@3af9164b size = 1, maxSize = 32, parentContextCount = 0, hitCount = 107, missCount = 1, failureCount = 0]
2024-12-13T17:16:17.658-03:00 DEBUG 23116 --- [maestro] [           main] org.springframework.test.context.cache   : Spring test ApplicationContext cache statistics: [DefaultContextCache@3af9164b size = 1, maxSize = 32, parentContextCount = 0, hitCount = 108, missCount = 1, failureCount = 0]
2024-12-13T17:16:17.658-03:00 DEBUG 23116 --- [maestro] [           main] org.springframework.test.context.cache   : Spring test ApplicationContext cache statistics: [DefaultContextCache@3af9164b size = 1, maxSize = 32, parentContextCount = 0, hitCount = 109, missCount = 1, failureCount = 0]
2024-12-13T17:16:17.659-03:00 DEBUG 23116 --- [maestro] [           main] org.springframework.test.context.cache   : Spring test ApplicationContext cache statistics: [DefaultContextCache@3af9164b size = 1, maxSize = 32, parentContextCount = 0, hitCount = 110, missCount = 1, failureCount = 0]
2024-12-13T17:16:17.659-03:00 DEBUG 23116 --- [maestro] [           main] org.springframework.test.context.cache   : Spring test ApplicationContext cache statistics: [DefaultContextCache@3af9164b size = 1, maxSize = 32, parentContextCount = 0, hitCount = 111, missCount = 1, failureCount = 0]
2024-12-13T17:16:17.661-03:00 DEBUG 23116 --- [maestro] [           main] org.springframework.test.context.cache   : Spring test ApplicationContext cache statistics: [DefaultContextCache@3af9164b size = 1, maxSize = 32, parentContextCount = 0, hitCount = 112, missCount = 1, failureCount = 0]
2024-12-13T17:16:17.661-03:00 DEBUG 23116 --- [maestro] [           main] org.springframework.test.context.cache   : Spring test ApplicationContext cache statistics: [DefaultContextCache@3af9164b size = 1, maxSize = 32, parentContextCount = 0, hitCount = 113, missCount = 1, failureCount = 0]
2024-12-13T17:16:17.662-03:00 DEBUG 23116 --- [maestro] [           main] .c.s.DirtiesContextTestExecutionListener : After test method: class [GlobalExceptionHandlerTest], method [testHandleResourceNotFoundException], class annotated with @DirtiesContext [false] with mode [null], method annotated with @DirtiesContext [false] with mode [null]
2024-12-13T17:16:17.662-03:00 DEBUG 23116 --- [maestro] [           main] o.s.t.c.w.ServletTestExecutionListener   : Resetting RequestContextHolder for test class com.microproductos.maestro.exception.GlobalExceptionHandlerTest
]]></system-out>
  </testcase>
</testsuite>